80_20_hard
./results/80_20_hard/137.ckpt
using gpu 0,1,2
Epoch 137 (lr 0.01000)
Train: loss 0.3418, classify loss 0.3124, regress loss 0.0037, 0.0040, 0.0038, 0.0179

Epoch 138 (lr 0.01000)
Train: loss 0.3377, classify loss 0.3090, regress loss 0.0038, 0.0038, 0.0039, 0.0173

Epoch 139 (lr 0.01000)
Train: loss 0.3355, classify loss 0.3048, regress loss 0.0040, 0.0034, 0.0037, 0.0195

Epoch 140 (lr 0.01000)
Train: loss 0.3214, classify loss 0.2937, regress loss 0.0042, 0.0036, 0.0033, 0.0167

Epoch 141 (lr 0.01000)
Train: loss 0.3308, classify loss 0.3008, regress loss 0.0038, 0.0039, 0.0036, 0.0187

Epoch 142 (lr 0.01000)
Train: loss 0.3313, classify loss 0.3012, regress loss 0.0041, 0.0036, 0.0035, 0.0190

Epoch 143 (lr 0.01000)
Train: loss 0.3203, classify loss 0.2912, regress loss 0.0039, 0.0037, 0.0036, 0.0179

Epoch 144 (lr 0.01000)
Train: loss 0.3335, classify loss 0.3035, regress loss 0.0042, 0.0040, 0.0040, 0.0179

Epoch 145 (lr 0.01000)
Train: loss 0.3187, classify loss 0.2896, regress loss 0.0036, 0.0038, 0.0034, 0.0182

Epoch 146 (lr 0.01000)
Train: loss 0.3396, classify loss 0.3091, regress loss 0.0039, 0.0037, 0.0038, 0.0191

Epoch 147 (lr 0.01000)
Train: loss 0.3430, classify loss 0.3128, regress loss 0.0037, 0.0039, 0.0037, 0.0188

Epoch 148 (lr 0.01000)
Train: loss 0.3345, classify loss 0.3047, regress loss 0.0037, 0.0038, 0.0037, 0.0186

Epoch 149 (lr 0.01000)
Train: loss 0.3163, classify loss 0.2858, regress loss 0.0039, 0.0035, 0.0038, 0.0194

Epoch 150 (lr 0.01000)
Train: loss 0.3175, classify loss 0.2864, regress loss 0.0039, 0.0038, 0.0041, 0.0193

Epoch 151 (lr 0.01000)
Train: loss 0.3063, classify loss 0.2763, regress loss 0.0037, 0.0038, 0.0039, 0.0185

Epoch 152 (lr 0.01000)
Train: loss 0.3064, classify loss 0.2771, regress loss 0.0034, 0.0040, 0.0035, 0.0184

Epoch 153 (lr 0.01000)
Train: loss 0.3177, classify loss 0.2887, regress loss 0.0038, 0.0040, 0.0039, 0.0174

Epoch 154 (lr 0.01000)
Train: loss 0.3063, classify loss 0.2769, regress loss 0.0038, 0.0036, 0.0038, 0.0181

Epoch 155 (lr 0.01000)
Train: loss 0.3060, classify loss 0.2784, regress loss 0.0042, 0.0037, 0.0035, 0.0162

Epoch 156 (lr 0.01000)
Train: loss 0.3144, classify loss 0.2855, regress loss 0.0039, 0.0034, 0.0035, 0.0180

Epoch 157 (lr 0.01000)
Train: loss 0.3141, classify loss 0.2857, regress loss 0.0039, 0.0039, 0.0035, 0.0170

Epoch 158 (lr 0.01000)
Train: loss 0.3012, classify loss 0.2720, regress loss 0.0037, 0.0036, 0.0035, 0.0183

Epoch 159 (lr 0.01000)
Train: loss 0.3166, classify loss 0.2877, regress loss 0.0041, 0.0036, 0.0039, 0.0173

Epoch 160 (lr 0.01000)
Train: loss 0.3049, classify loss 0.2759, regress loss 0.0041, 0.0037, 0.0035, 0.0176

Epoch 161 (lr 0.01000)
Train: loss 0.2970, classify loss 0.2691, regress loss 0.0037, 0.0037, 0.0037, 0.0168

Epoch 162 (lr 0.01000)
Train: loss 0.3111, classify loss 0.2816, regress loss 0.0038, 0.0035, 0.0034, 0.0188

Epoch 163 (lr 0.01000)
Train: loss 0.3028, classify loss 0.2756, regress loss 0.0036, 0.0034, 0.0033, 0.0168

Epoch 164 (lr 0.01000)
Train: loss 0.2883, classify loss 0.2606, regress loss 0.0037, 0.0036, 0.0036, 0.0168

Epoch 165 (lr 0.01000)
Train: loss 0.2928, classify loss 0.2660, regress loss 0.0038, 0.0038, 0.0035, 0.0157

Epoch 166 (lr 0.01000)
Train: loss 0.2802, classify loss 0.2538, regress loss 0.0036, 0.0037, 0.0035, 0.0156

Epoch 167 (lr 0.01000)
Train: loss 0.2918, classify loss 0.2643, regress loss 0.0035, 0.0035, 0.0033, 0.0172

Epoch 168 (lr 0.01000)
Train: loss 0.2833, classify loss 0.2556, regress loss 0.0039, 0.0036, 0.0037, 0.0165

Epoch 169 (lr 0.01000)
Train: loss 0.2906, classify loss 0.2626, regress loss 0.0037, 0.0038, 0.0032, 0.0173

Epoch 170 (lr 0.01000)
Train: loss 0.2826, classify loss 0.2560, regress loss 0.0039, 0.0036, 0.0032, 0.0158

Epoch 171 (lr 0.01000)
Train: loss 0.2863, classify loss 0.2593, regress loss 0.0037, 0.0035, 0.0036, 0.0162

Epoch 172 (lr 0.01000)
Train: loss 0.3057, classify loss 0.2786, regress loss 0.0038, 0.0035, 0.0037, 0.0161

Epoch 173 (lr 0.01000)
Train: loss 0.2713, classify loss 0.2441, regress loss 0.0039, 0.0034, 0.0033, 0.0166

Epoch 174 (lr 0.01000)
Train: loss 0.2834, classify loss 0.2570, regress loss 0.0036, 0.0037, 0.0033, 0.0158

Epoch 175 (lr 0.01000)
Train: loss 0.2679, classify loss 0.2406, regress loss 0.0036, 0.0037, 0.0036, 0.0164

Epoch 176 (lr 0.01000)
Train: loss 0.2912, classify loss 0.2647, regress loss 0.0038, 0.0037, 0.0036, 0.0155

Epoch 177 (lr 0.01000)
Train: loss 0.2901, classify loss 0.2636, regress loss 0.0037, 0.0034, 0.0034, 0.0160

Epoch 178 (lr 0.01000)
Train: loss 0.3044, classify loss 0.2771, regress loss 0.0038, 0.0035, 0.0033, 0.0168

Epoch 179 (lr 0.01000)
Train: loss 0.2860, classify loss 0.2593, regress loss 0.0035, 0.0034, 0.0034, 0.0164

Epoch 180 (lr 0.01000)
Train: loss 0.2995, classify loss 0.2729, regress loss 0.0039, 0.0036, 0.0035, 0.0155

Epoch 181 (lr 0.01000)
Train: loss 0.2829, classify loss 0.2544, regress loss 0.0037, 0.0034, 0.0030, 0.0183

Epoch 182 (lr 0.01000)
Train: loss 0.2808, classify loss 0.2540, regress loss 0.0037, 0.0036, 0.0033, 0.0163

Epoch 183 (lr 0.01000)
Train: loss 0.2739, classify loss 0.2473, regress loss 0.0036, 0.0033, 0.0034, 0.0162

Epoch 184 (lr 0.01000)
Train: loss 0.2549, classify loss 0.2288, regress loss 0.0039, 0.0037, 0.0032, 0.0155

Epoch 185 (lr 0.01000)
Train: loss 0.2721, classify loss 0.2464, regress loss 0.0035, 0.0033, 0.0031, 0.0158

Epoch 186 (lr 0.01000)
Train: loss 0.2644, classify loss 0.2363, regress loss 0.0039, 0.0034, 0.0034, 0.0174

Epoch 187 (lr 0.01000)
Train: loss 0.2640, classify loss 0.2370, regress loss 0.0038, 0.0036, 0.0037, 0.0160

Epoch 188 (lr 0.01000)
Train: loss 0.2708, classify loss 0.2439, regress loss 0.0038, 0.0033, 0.0036, 0.0162

Epoch 189 (lr 0.01000)
Train: loss 0.2625, classify loss 0.2343, regress loss 0.0038, 0.0037, 0.0037, 0.0170

Epoch 190 (lr 0.01000)
Train: loss 0.2685, classify loss 0.2411, regress loss 0.0035, 0.0033, 0.0033, 0.0171

Epoch 191 (lr 0.01000)
Train: loss 0.2677, classify loss 0.2425, regress loss 0.0036, 0.0033, 0.0034, 0.0148

Epoch 192 (lr 0.01000)
Train: loss 0.2679, classify loss 0.2418, regress loss 0.0037, 0.0036, 0.0034, 0.0154

Epoch 193 (lr 0.01000)
Train: loss 0.2705, classify loss 0.2439, regress loss 0.0038, 0.0033, 0.0035, 0.0161

Epoch 194 (lr 0.01000)
Train: loss 0.2746, classify loss 0.2486, regress loss 0.0036, 0.0035, 0.0030, 0.0159

Epoch 195 (lr 0.01000)
Train: loss 0.2568, classify loss 0.2301, regress loss 0.0038, 0.0035, 0.0034, 0.0160

Epoch 196 (lr 0.01000)
Train: loss 0.2653, classify loss 0.2385, regress loss 0.0037, 0.0036, 0.0033, 0.0162

Epoch 197 (lr 0.01000)
Train: loss 0.2682, classify loss 0.2405, regress loss 0.0038, 0.0037, 0.0034, 0.0168

Epoch 198 (lr 0.01000)
Train: loss 0.2755, classify loss 0.2483, regress loss 0.0037, 0.0035, 0.0033, 0.0167

Epoch 199 (lr 0.01000)
Train: loss 0.2467, classify loss 0.2214, regress loss 0.0035, 0.0033, 0.0032, 0.0153

Epoch 200 (lr 0.01000)
Train: loss 0.2490, classify loss 0.2221, regress loss 0.0035, 0.0035, 0.0031, 0.0168

Epoch 201 (lr 0.01000)
Train: loss 0.2664, classify loss 0.2392, regress loss 0.0035, 0.0034, 0.0032, 0.0170

Epoch 202 (lr 0.01000)
Train: loss 0.2627, classify loss 0.2365, regress loss 0.0034, 0.0035, 0.0036, 0.0157

Epoch 203 (lr 0.01000)
Train: loss 0.2542, classify loss 0.2288, regress loss 0.0036, 0.0038, 0.0034, 0.0147

Epoch 204 (lr 0.01000)
Train: loss 0.2609, classify loss 0.2335, regress loss 0.0034, 0.0037, 0.0033, 0.0170

Epoch 205 (lr 0.01000)
Train: loss 0.2660, classify loss 0.2395, regress loss 0.0040, 0.0033, 0.0032, 0.0160

Epoch 206 (lr 0.01000)
Train: loss 0.2630, classify loss 0.2381, regress loss 0.0032, 0.0036, 0.0031, 0.0151

Epoch 207 (lr 0.01000)
Train: loss 0.2463, classify loss 0.2211, regress loss 0.0036, 0.0032, 0.0034, 0.0149

Epoch 208 (lr 0.01000)
Train: loss 0.2618, classify loss 0.2364, regress loss 0.0032, 0.0036, 0.0033, 0.0152

Epoch 209 (lr 0.01000)
Train: loss 0.2411, classify loss 0.2145, regress loss 0.0036, 0.0033, 0.0033, 0.0165

Epoch 210 (lr 0.01000)
Train: loss 0.2306, classify loss 0.2045, regress loss 0.0035, 0.0039, 0.0033, 0.0154

Epoch 211 (lr 0.01000)
Train: loss 0.2353, classify loss 0.2089, regress loss 0.0034, 0.0035, 0.0030, 0.0165

Epoch 212 (lr 0.01000)
Train: loss 0.2409, classify loss 0.2155, regress loss 0.0036, 0.0035, 0.0031, 0.0153

Epoch 213 (lr 0.01000)
Train: loss 0.2536, classify loss 0.2269, regress loss 0.0035, 0.0038, 0.0033, 0.0162

Epoch 214 (lr 0.01000)
Train: loss 0.2634, classify loss 0.2377, regress loss 0.0035, 0.0033, 0.0032, 0.0157

Epoch 215 (lr 0.01000)
Train: loss 0.2260, classify loss 0.2009, regress loss 0.0035, 0.0034, 0.0034, 0.0148

Epoch 216 (lr 0.01000)
Train: loss 0.2582, classify loss 0.2329, regress loss 0.0036, 0.0036, 0.0032, 0.0150

Epoch 217 (lr 0.01000)
Train: loss 0.2482, classify loss 0.2211, regress loss 0.0037, 0.0036, 0.0035, 0.0163

Epoch 218 (lr 0.01000)
Train: loss 0.2393, classify loss 0.2146, regress loss 0.0037, 0.0032, 0.0029, 0.0149

Epoch 219 (lr 0.01000)
Train: loss 0.2510, classify loss 0.2255, regress loss 0.0033, 0.0036, 0.0034, 0.0152

Epoch 220 (lr 0.01000)
Train: loss 0.2406, classify loss 0.2158, regress loss 0.0035, 0.0036, 0.0032, 0.0145

Epoch 221 (lr 0.01000)
Train: loss 0.2467, classify loss 0.2221, regress loss 0.0033, 0.0034, 0.0030, 0.0149

Epoch 222 (lr 0.01000)
Train: loss 0.2418, classify loss 0.2154, regress loss 0.0036, 0.0036, 0.0033, 0.0159

Epoch 223 (lr 0.01000)
Train: loss 0.2498, classify loss 0.2249, regress loss 0.0033, 0.0031, 0.0033, 0.0153

Epoch 224 (lr 0.01000)
Train: loss 0.2541, classify loss 0.2290, regress loss 0.0034, 0.0031, 0.0033, 0.0153

Epoch 225 (lr 0.01000)
Train: loss 0.2468, classify loss 0.2216, regress loss 0.0036, 0.0037, 0.0032, 0.0147

Epoch 226 (lr 0.01000)
Train: loss 0.2472, classify loss 0.2214, regress loss 0.0035, 0.0036, 0.0032, 0.0155

Epoch 227 (lr 0.01000)
Train: loss 0.2465, classify loss 0.2209, regress loss 0.0032, 0.0032, 0.0033, 0.0158

Epoch 228 (lr 0.01000)
Train: loss 0.2548, classify loss 0.2295, regress loss 0.0037, 0.0035, 0.0032, 0.0149

Epoch 229 (lr 0.01000)
Train: loss 0.2345, classify loss 0.2085, regress loss 0.0034, 0.0035, 0.0033, 0.0157

Epoch 230 (lr 0.01000)
Train: loss 0.2379, classify loss 0.2127, regress loss 0.0040, 0.0035, 0.0032, 0.0145

Epoch 231 (lr 0.01000)
Train: loss 0.2472, classify loss 0.2220, regress loss 0.0035, 0.0031, 0.0032, 0.0153

Epoch 232 (lr 0.01000)
Train: loss 0.2556, classify loss 0.2294, regress loss 0.0034, 0.0034, 0.0032, 0.0162

Epoch 233 (lr 0.01000)
Train: loss 0.2406, classify loss 0.2155, regress loss 0.0034, 0.0033, 0.0031, 0.0153

Epoch 234 (lr 0.01000)
Train: loss 0.2341, classify loss 0.2096, regress loss 0.0034, 0.0033, 0.0034, 0.0145

Epoch 235 (lr 0.01000)
Train: loss 0.2234, classify loss 0.1965, regress loss 0.0035, 0.0034, 0.0033, 0.0167

Epoch 236 (lr 0.01000)
Train: loss 0.2802, classify loss 0.2544, regress loss 0.0034, 0.0038, 0.0034, 0.0152

Epoch 237 (lr 0.01000)
Train: loss 0.2508, classify loss 0.2256, regress loss 0.0034, 0.0035, 0.0034, 0.0149

Epoch 238 (lr 0.01000)
Train: loss 0.2798, classify loss 0.2535, regress loss 0.0036, 0.0035, 0.0032, 0.0160

Epoch 239 (lr 0.01000)
Train: loss 0.2466, classify loss 0.2210, regress loss 0.0036, 0.0033, 0.0031, 0.0157

Epoch 240 (lr 0.01000)
Train: loss 0.2203, classify loss 0.1963, regress loss 0.0034, 0.0033, 0.0031, 0.0141

Epoch 241 (lr 0.01000)
Train: loss 0.2403, classify loss 0.2158, regress loss 0.0032, 0.0033, 0.0032, 0.0148

Epoch 242 (lr 0.01000)
Train: loss 0.2346, classify loss 0.2108, regress loss 0.0035, 0.0036, 0.0030, 0.0136

Epoch 243 (lr 0.01000)
Train: loss 0.2401, classify loss 0.2150, regress loss 0.0033, 0.0033, 0.0033, 0.0152

Epoch 244 (lr 0.01000)
Train: loss 0.2451, classify loss 0.2209, regress loss 0.0035, 0.0033, 0.0032, 0.0142

Epoch 245 (lr 0.01000)
Train: loss 0.2420, classify loss 0.2162, regress loss 0.0034, 0.0034, 0.0033, 0.0157

Epoch 246 (lr 0.01000)
Train: loss 0.2330, classify loss 0.2073, regress loss 0.0034, 0.0034, 0.0031, 0.0158

Epoch 247 (lr 0.01000)
Train: loss 0.2341, classify loss 0.2105, regress loss 0.0038, 0.0034, 0.0030, 0.0134

Epoch 248 (lr 0.01000)
Train: loss 0.2448, classify loss 0.2197, regress loss 0.0036, 0.0035, 0.0035, 0.0146

Epoch 249 (lr 0.01000)
Train: loss 0.2300, classify loss 0.2052, regress loss 0.0033, 0.0033, 0.0031, 0.0150

Epoch 250 (lr 0.01000)
Train: loss 0.2358, classify loss 0.2116, regress loss 0.0033, 0.0033, 0.0032, 0.0143

Epoch 251 (lr 0.01000)
Train: loss 0.2449, classify loss 0.2216, regress loss 0.0032, 0.0033, 0.0031, 0.0136

Epoch 252 (lr 0.01000)
Train: loss 0.2312, classify loss 0.2065, regress loss 0.0034, 0.0031, 0.0034, 0.0149

Epoch 253 (lr 0.01000)
Train: loss 0.2448, classify loss 0.2204, regress loss 0.0036, 0.0034, 0.0031, 0.0143

Epoch 254 (lr 0.01000)
Train: loss 0.2373, classify loss 0.2123, regress loss 0.0037, 0.0035, 0.0032, 0.0146

Epoch 255 (lr 0.01000)
Train: loss 0.2539, classify loss 0.2287, regress loss 0.0033, 0.0036, 0.0032, 0.0151

Epoch 256 (lr 0.01000)
Train: loss 0.2358, classify loss 0.2123, regress loss 0.0035, 0.0034, 0.0031, 0.0136

Epoch 257 (lr 0.01000)
Train: loss 0.2389, classify loss 0.2135, regress loss 0.0038, 0.0035, 0.0033, 0.0148

Epoch 258 (lr 0.01000)
Train: loss 0.2190, classify loss 0.1948, regress loss 0.0031, 0.0035, 0.0029, 0.0147

Epoch 259 (lr 0.01000)
Train: loss 0.2298, classify loss 0.2058, regress loss 0.0033, 0.0031, 0.0034, 0.0143

Epoch 260 (lr 0.01000)
Train: loss 0.2616, classify loss 0.2354, regress loss 0.0033, 0.0036, 0.0030, 0.0163

Epoch 261 (lr 0.01000)
Train: loss 0.2417, classify loss 0.2173, regress loss 0.0032, 0.0034, 0.0029, 0.0148

Epoch 262 (lr 0.01000)
Train: loss 0.2419, classify loss 0.2186, regress loss 0.0031, 0.0032, 0.0032, 0.0139

Epoch 263 (lr 0.01000)
Train: loss 0.2269, classify loss 0.2027, regress loss 0.0035, 0.0036, 0.0028, 0.0142

Epoch 264 (lr 0.01000)
Train: loss 0.2191, classify loss 0.1953, regress loss 0.0033, 0.0034, 0.0029, 0.0142

Epoch 265 (lr 0.01000)
Train: loss 0.2294, classify loss 0.2050, regress loss 0.0032, 0.0035, 0.0031, 0.0146

Epoch 266 (lr 0.01000)
Train: loss 0.2315, classify loss 0.2073, regress loss 0.0034, 0.0035, 0.0032, 0.0140

Epoch 267 (lr 0.01000)
Train: loss 0.2189, classify loss 0.1946, regress loss 0.0031, 0.0034, 0.0031, 0.0147

Epoch 268 (lr 0.01000)
Train: loss 0.2298, classify loss 0.2064, regress loss 0.0036, 0.0033, 0.0030, 0.0136

Epoch 269 (lr 0.01000)
Train: loss 0.2160, classify loss 0.1918, regress loss 0.0032, 0.0035, 0.0030, 0.0146

Epoch 270 (lr 0.01000)
Train: loss 0.2104, classify loss 0.1866, regress loss 0.0033, 0.0034, 0.0032, 0.0139

Epoch 271 (lr 0.01000)
Train: loss 0.2236, classify loss 0.1997, regress loss 0.0034, 0.0033, 0.0030, 0.0142

Epoch 272 (lr 0.01000)
Train: loss 0.2178, classify loss 0.1940, regress loss 0.0033, 0.0034, 0.0032, 0.0138

Epoch 273 (lr 0.01000)
Train: loss 0.2314, classify loss 0.2074, regress loss 0.0035, 0.0032, 0.0031, 0.0142

Epoch 274 (lr 0.01000)
Train: loss 0.2215, classify loss 0.1988, regress loss 0.0029, 0.0034, 0.0031, 0.0132

Epoch 275 (lr 0.01000)
Train: loss 0.2369, classify loss 0.2134, regress loss 0.0031, 0.0034, 0.0030, 0.0140

Epoch 276 (lr 0.01000)
Train: loss 0.2182, classify loss 0.1948, regress loss 0.0031, 0.0033, 0.0030, 0.0139

Epoch 277 (lr 0.01000)
Train: loss 0.2416, classify loss 0.2175, regress loss 0.0032, 0.0032, 0.0033, 0.0144

Epoch 278 (lr 0.01000)
Train: loss 0.2324, classify loss 0.2094, regress loss 0.0033, 0.0031, 0.0030, 0.0137

Epoch 279 (lr 0.01000)
Train: loss 0.2275, classify loss 0.2038, regress loss 0.0032, 0.0033, 0.0029, 0.0143

Epoch 280 (lr 0.01000)
Train: loss 0.2339, classify loss 0.2101, regress loss 0.0033, 0.0033, 0.0030, 0.0142

Epoch 281 (lr 0.01000)
Train: loss 0.1987, classify loss 0.1747, regress loss 0.0035, 0.0031, 0.0032, 0.0142

Epoch 282 (lr 0.01000)
Train: loss 0.2352, classify loss 0.2115, regress loss 0.0035, 0.0035, 0.0029, 0.0137

Epoch 283 (lr 0.01000)
Train: loss 0.2254, classify loss 0.2014, regress loss 0.0035, 0.0032, 0.0031, 0.0142

Epoch 284 (lr 0.01000)
Train: loss 0.2303, classify loss 0.2064, regress loss 0.0031, 0.0034, 0.0031, 0.0143

Epoch 285 (lr 0.01000)
Train: loss 0.2253, classify loss 0.2009, regress loss 0.0032, 0.0036, 0.0029, 0.0148

Epoch 286 (lr 0.01000)
Train: loss 0.2165, classify loss 0.1921, regress loss 0.0032, 0.0033, 0.0031, 0.0148

Epoch 287 (lr 0.01000)
Train: loss 0.2188, classify loss 0.1954, regress loss 0.0032, 0.0033, 0.0031, 0.0137

Epoch 288 (lr 0.01000)
Train: loss 0.2177, classify loss 0.1950, regress loss 0.0031, 0.0033, 0.0032, 0.0131

Epoch 289 (lr 0.01000)
Train: loss 0.2168, classify loss 0.1928, regress loss 0.0033, 0.0034, 0.0030, 0.0144

Epoch 290 (lr 0.01000)
Train: loss 0.2157, classify loss 0.1917, regress loss 0.0032, 0.0032, 0.0030, 0.0146

Epoch 291 (lr 0.01000)
Train: loss 0.2205, classify loss 0.1970, regress loss 0.0030, 0.0033, 0.0034, 0.0138

Epoch 292 (lr 0.01000)
Train: loss 0.2085, classify loss 0.1849, regress loss 0.0033, 0.0034, 0.0032, 0.0138

Epoch 293 (lr 0.01000)
Train: loss 0.2288, classify loss 0.2041, regress loss 0.0033, 0.0033, 0.0028, 0.0153

Epoch 294 (lr 0.01000)
Train: loss 0.2151, classify loss 0.1915, regress loss 0.0032, 0.0032, 0.0032, 0.0140

Epoch 295 (lr 0.01000)
Train: loss 0.2150, classify loss 0.1919, regress loss 0.0032, 0.0034, 0.0029, 0.0137

Epoch 296 (lr 0.01000)
Train: loss 0.2092, classify loss 0.1846, regress loss 0.0030, 0.0032, 0.0030, 0.0153

Epoch 297 (lr 0.01000)
Train: loss 0.2163, classify loss 0.1931, regress loss 0.0033, 0.0034, 0.0031, 0.0134

Epoch 298 (lr 0.01000)
Train: loss 0.2210, classify loss 0.1971, regress loss 0.0035, 0.0035, 0.0029, 0.0141

Epoch 299 (lr 0.01000)
Train: loss 0.2143, classify loss 0.1904, regress loss 0.0033, 0.0031, 0.0030, 0.0145

Epoch 300 (lr 0.01000)
Train: loss 0.2121, classify loss 0.1890, regress loss 0.0035, 0.0033, 0.0030, 0.0133

Epoch 301 (lr 0.01000)
Train: loss 0.1952, classify loss 0.1730, regress loss 0.0030, 0.0032, 0.0030, 0.0130

Epoch 302 (lr 0.01000)
Train: loss 0.2031, classify loss 0.1789, regress loss 0.0032, 0.0031, 0.0031, 0.0148

Epoch 303 (lr 0.01000)
Train: loss 0.2513, classify loss 0.2271, regress loss 0.0031, 0.0034, 0.0032, 0.0145

Epoch 304 (lr 0.01000)
Train: loss 0.2407, classify loss 0.2182, regress loss 0.0032, 0.0033, 0.0031, 0.0130

Epoch 305 (lr 0.01000)
Train: loss 0.2197, classify loss 0.1970, regress loss 0.0032, 0.0032, 0.0033, 0.0131

Epoch 306 (lr 0.01000)
Train: loss 0.2136, classify loss 0.1908, regress loss 0.0032, 0.0031, 0.0030, 0.0134

Epoch 307 (lr 0.01000)
Train: loss 0.2194, classify loss 0.1968, regress loss 0.0030, 0.0034, 0.0031, 0.0131

Epoch 308 (lr 0.01000)
Train: loss 0.1940, classify loss 0.1712, regress loss 0.0030, 0.0032, 0.0029, 0.0138

Epoch 309 (lr 0.01000)
Train: loss 0.2122, classify loss 0.1895, regress loss 0.0031, 0.0033, 0.0029, 0.0133

Epoch 310 (lr 0.01000)
Train: loss 0.2209, classify loss 0.1965, regress loss 0.0031, 0.0032, 0.0031, 0.0149

Epoch 311 (lr 0.01000)
Train: loss 0.2142, classify loss 0.1916, regress loss 0.0033, 0.0031, 0.0030, 0.0132

Epoch 312 (lr 0.01000)
Train: loss 0.2224, classify loss 0.1990, regress loss 0.0033, 0.0031, 0.0035, 0.0134

Epoch 313 (lr 0.01000)
Train: loss 0.1964, classify loss 0.1732, regress loss 0.0032, 0.0033, 0.0030, 0.0137

Epoch 314 (lr 0.01000)
Train: loss 0.2092, classify loss 0.1863, regress loss 0.0034, 0.0030, 0.0028, 0.0137

Epoch 315 (lr 0.01000)
Train: loss 0.2021, classify loss 0.1787, regress loss 0.0032, 0.0032, 0.0030, 0.0140

Epoch 316 (lr 0.01000)
Train: loss 0.2062, classify loss 0.1843, regress loss 0.0031, 0.0032, 0.0030, 0.0127

Epoch 317 (lr 0.01000)
Train: loss 0.2141, classify loss 0.1897, regress loss 0.0036, 0.0036, 0.0032, 0.0140

Epoch 318 (lr 0.01000)
Train: loss 0.2101, classify loss 0.1878, regress loss 0.0032, 0.0030, 0.0030, 0.0130

Epoch 319 (lr 0.01000)
Train: loss 0.2029, classify loss 0.1809, regress loss 0.0031, 0.0029, 0.0030, 0.0130

Epoch 320 (lr 0.01000)
Train: loss 0.2024, classify loss 0.1800, regress loss 0.0031, 0.0029, 0.0032, 0.0132

Epoch 321 (lr 0.01000)
Train: loss 0.2201, classify loss 0.1974, regress loss 0.0036, 0.0034, 0.0030, 0.0127

Epoch 322 (lr 0.01000)
Train: loss 0.1962, classify loss 0.1750, regress loss 0.0033, 0.0030, 0.0029, 0.0121

Epoch 323 (lr 0.01000)
Train: loss 0.1955, classify loss 0.1725, regress loss 0.0030, 0.0030, 0.0029, 0.0140

Epoch 324 (lr 0.01000)
Train: loss 0.2169, classify loss 0.1933, regress loss 0.0034, 0.0030, 0.0029, 0.0143

Epoch 325 (lr 0.01000)
Train: loss 0.2159, classify loss 0.1930, regress loss 0.0032, 0.0034, 0.0033, 0.0130

Epoch 326 (lr 0.01000)
Train: loss 0.2011, classify loss 0.1788, regress loss 0.0032, 0.0031, 0.0034, 0.0126

Epoch 327 (lr 0.01000)
Train: loss 0.2007, classify loss 0.1768, regress loss 0.0030, 0.0030, 0.0031, 0.0148

Epoch 328 (lr 0.01000)
Train: loss 0.2165, classify loss 0.1923, regress loss 0.0033, 0.0033, 0.0030, 0.0146

Epoch 329 (lr 0.01000)
Train: loss 0.2146, classify loss 0.1921, regress loss 0.0032, 0.0033, 0.0031, 0.0128

Epoch 330 (lr 0.01000)
Train: loss 0.2032, classify loss 0.1800, regress loss 0.0034, 0.0033, 0.0029, 0.0135

Epoch 331 (lr 0.01000)
Train: loss 0.1994, classify loss 0.1774, regress loss 0.0032, 0.0032, 0.0030, 0.0126

Epoch 332 (lr 0.01000)
Train: loss 0.1992, classify loss 0.1777, regress loss 0.0029, 0.0030, 0.0031, 0.0127

Epoch 333 (lr 0.01000)
Train: loss 0.2055, classify loss 0.1833, regress loss 0.0034, 0.0034, 0.0032, 0.0123

Epoch 334 (lr 0.01000)
Train: loss 0.1952, classify loss 0.1722, regress loss 0.0032, 0.0030, 0.0032, 0.0137

Epoch 335 (lr 0.01000)
Train: loss 0.1874, classify loss 0.1642, regress loss 0.0030, 0.0031, 0.0030, 0.0140

Epoch 336 (lr 0.01000)
Train: loss 0.2122, classify loss 0.1902, regress loss 0.0030, 0.0032, 0.0033, 0.0125

Epoch 337 (lr 0.01000)
Train: loss 0.2088, classify loss 0.1856, regress loss 0.0033, 0.0034, 0.0030, 0.0134

Epoch 338 (lr 0.01000)
Train: loss 0.2012, classify loss 0.1786, regress loss 0.0032, 0.0031, 0.0030, 0.0133

Epoch 339 (lr 0.01000)
Train: loss 0.2010, classify loss 0.1784, regress loss 0.0028, 0.0029, 0.0032, 0.0136

Epoch 340 (lr 0.01000)
Train: loss 0.1983, classify loss 0.1753, regress loss 0.0032, 0.0033, 0.0029, 0.0136

Epoch 341 (lr 0.01000)
Train: loss 0.2041, classify loss 0.1820, regress loss 0.0032, 0.0031, 0.0032, 0.0127

Epoch 342 (lr 0.01000)
Train: loss 0.2066, classify loss 0.1832, regress loss 0.0033, 0.0035, 0.0029, 0.0137

Epoch 343 (lr 0.01000)
Train: loss 0.2127, classify loss 0.1911, regress loss 0.0031, 0.0029, 0.0028, 0.0127

Epoch 344 (lr 0.01000)
Train: loss 0.1866, classify loss 0.1640, regress loss 0.0030, 0.0031, 0.0031, 0.0133

Epoch 345 (lr 0.01000)
Train: loss 0.1987, classify loss 0.1774, regress loss 0.0031, 0.0030, 0.0030, 0.0122

Epoch 346 (lr 0.01000)
Train: loss 0.1733, classify loss 0.1519, regress loss 0.0031, 0.0031, 0.0028, 0.0125

Epoch 347 (lr 0.01000)
Train: loss 0.1985, classify loss 0.1768, regress loss 0.0032, 0.0032, 0.0030, 0.0122

Epoch 348 (lr 0.01000)
Train: loss 0.2118, classify loss 0.1886, regress loss 0.0033, 0.0032, 0.0032, 0.0134

Epoch 349 (lr 0.01000)
Train: loss 0.1881, classify loss 0.1658, regress loss 0.0033, 0.0033, 0.0032, 0.0127

Epoch 350 (lr 0.01000)
Train: loss 0.1877, classify loss 0.1665, regress loss 0.0031, 0.0030, 0.0026, 0.0124

Epoch 351 (lr 0.01000)
Train: loss 0.1805, classify loss 0.1577, regress loss 0.0029, 0.0031, 0.0030, 0.0138

Epoch 352 (lr 0.01000)
Train: loss 0.2031, classify loss 0.1809, regress loss 0.0029, 0.0030, 0.0029, 0.0133

Epoch 353 (lr 0.01000)
Train: loss 0.1953, classify loss 0.1720, regress loss 0.0029, 0.0035, 0.0030, 0.0140

Epoch 354 (lr 0.01000)
Train: loss 0.2023, classify loss 0.1803, regress loss 0.0034, 0.0030, 0.0029, 0.0127

Epoch 355 (lr 0.01000)
Train: loss 0.2142, classify loss 0.1925, regress loss 0.0032, 0.0032, 0.0031, 0.0122

Epoch 356 (lr 0.01000)
Train: loss 0.1892, classify loss 0.1664, regress loss 0.0031, 0.0033, 0.0031, 0.0133

Epoch 357 (lr 0.01000)
Train: loss 0.1951, classify loss 0.1722, regress loss 0.0032, 0.0034, 0.0029, 0.0135

Epoch 358 (lr 0.01000)
Train: loss 0.2021, classify loss 0.1796, regress loss 0.0033, 0.0032, 0.0031, 0.0129

Epoch 359 (lr 0.01000)
Train: loss 0.1883, classify loss 0.1663, regress loss 0.0029, 0.0031, 0.0029, 0.0131

Epoch 360 (lr 0.01000)
Train: loss 0.2010, classify loss 0.1793, regress loss 0.0031, 0.0032, 0.0029, 0.0125

Epoch 361 (lr 0.01000)
Train: loss 0.1854, classify loss 0.1631, regress loss 0.0031, 0.0032, 0.0029, 0.0133

Epoch 362 (lr 0.01000)
Train: loss 0.2166, classify loss 0.1936, regress loss 0.0034, 0.0034, 0.0029, 0.0133

Epoch 363 (lr 0.01000)
Train: loss 0.1962, classify loss 0.1732, regress loss 0.0033, 0.0032, 0.0031, 0.0134

Epoch 364 (lr 0.01000)
Train: loss 0.1732, classify loss 0.1515, regress loss 0.0031, 0.0030, 0.0030, 0.0127

Epoch 365 (lr 0.01000)
Train: loss 0.1884, classify loss 0.1659, regress loss 0.0031, 0.0029, 0.0031, 0.0135

Epoch 366 (lr 0.01000)
Train: loss 0.2051, classify loss 0.1825, regress loss 0.0030, 0.0032, 0.0028, 0.0136

Epoch 367 (lr 0.01000)
Train: loss 0.1950, classify loss 0.1730, regress loss 0.0029, 0.0033, 0.0028, 0.0130

Epoch 368 (lr 0.01000)
Train: loss 0.1800, classify loss 0.1584, regress loss 0.0029, 0.0036, 0.0027, 0.0125

Epoch 369 (lr 0.01000)
Train: loss 0.1898, classify loss 0.1684, regress loss 0.0031, 0.0031, 0.0028, 0.0122

Epoch 370 (lr 0.01000)
Train: loss 0.1894, classify loss 0.1676, regress loss 0.0032, 0.0032, 0.0027, 0.0127

Epoch 371 (lr 0.01000)
Train: loss 0.1888, classify loss 0.1669, regress loss 0.0034, 0.0030, 0.0034, 0.0122

Epoch 372 (lr 0.01000)
Train: loss 0.1860, classify loss 0.1652, regress loss 0.0031, 0.0029, 0.0029, 0.0119

Epoch 373 (lr 0.01000)
Train: loss 0.1888, classify loss 0.1671, regress loss 0.0029, 0.0032, 0.0030, 0.0127

Epoch 374 (lr 0.01000)
Train: loss 0.1809, classify loss 0.1594, regress loss 0.0034, 0.0032, 0.0029, 0.0121

Epoch 375 (lr 0.01000)
Train: loss 0.1820, classify loss 0.1616, regress loss 0.0028, 0.0028, 0.0029, 0.0119

Epoch 376 (lr 0.01000)
Train: loss 0.1962, classify loss 0.1748, regress loss 0.0032, 0.0032, 0.0030, 0.0120

Epoch 377 (lr 0.01000)
Train: loss 0.1749, classify loss 0.1541, regress loss 0.0031, 0.0027, 0.0027, 0.0123

Epoch 378 (lr 0.01000)
Train: loss 0.2343, classify loss 0.2098, regress loss 0.0033, 0.0033, 0.0032, 0.0147

Epoch 379 (lr 0.01000)
Train: loss 0.2277, classify loss 0.2036, regress loss 0.0033, 0.0032, 0.0029, 0.0147

Epoch 380 (lr 0.01000)
Train: loss 0.2117, classify loss 0.1892, regress loss 0.0030, 0.0032, 0.0029, 0.0135

Epoch 381 (lr 0.01000)
Train: loss 0.1878, classify loss 0.1660, regress loss 0.0031, 0.0030, 0.0029, 0.0128

Epoch 382 (lr 0.01000)
Train: loss 0.1977, classify loss 0.1748, regress loss 0.0031, 0.0032, 0.0031, 0.0136

Epoch 383 (lr 0.01000)
Train: loss 0.2133, classify loss 0.1920, regress loss 0.0029, 0.0032, 0.0029, 0.0123

Epoch 384 (lr 0.01000)
Train: loss 0.2107, classify loss 0.1887, regress loss 0.0031, 0.0029, 0.0030, 0.0129

Epoch 385 (lr 0.01000)
Train: loss 0.2022, classify loss 0.1806, regress loss 0.0033, 0.0031, 0.0029, 0.0124

Epoch 386 (lr 0.01000)
Train: loss 0.2041, classify loss 0.1826, regress loss 0.0030, 0.0029, 0.0028, 0.0128

Epoch 387 (lr 0.01000)
Train: loss 0.1816, classify loss 0.1611, regress loss 0.0031, 0.0029, 0.0028, 0.0117

Epoch 388 (lr 0.01000)
Train: loss 0.1932, classify loss 0.1717, regress loss 0.0030, 0.0031, 0.0030, 0.0124

Epoch 389 (lr 0.01000)
Train: loss 0.1854, classify loss 0.1645, regress loss 0.0031, 0.0032, 0.0029, 0.0117

Epoch 390 (lr 0.01000)
Train: loss 0.1883, classify loss 0.1658, regress loss 0.0031, 0.0031, 0.0029, 0.0134

Epoch 391 (lr 0.01000)
Train: loss 0.1934, classify loss 0.1719, regress loss 0.0032, 0.0029, 0.0028, 0.0126

Epoch 392 (lr 0.01000)
Train: loss 0.1798, classify loss 0.1588, regress loss 0.0030, 0.0033, 0.0028, 0.0119

Epoch 393 (lr 0.01000)
Train: loss 0.1688, classify loss 0.1471, regress loss 0.0029, 0.0029, 0.0029, 0.0129

Epoch 394 (lr 0.01000)
Train: loss 0.2087, classify loss 0.1872, regress loss 0.0031, 0.0031, 0.0027, 0.0125

Epoch 395 (lr 0.01000)
Train: loss 0.1855, classify loss 0.1636, regress loss 0.0032, 0.0030, 0.0031, 0.0126

Epoch 396 (lr 0.01000)
Train: loss 0.1817, classify loss 0.1612, regress loss 0.0032, 0.0032, 0.0028, 0.0113

Epoch 397 (lr 0.01000)
Train: loss 0.1784, classify loss 0.1572, regress loss 0.0029, 0.0029, 0.0028, 0.0126

Epoch 398 (lr 0.01000)
Train: loss 0.1843, classify loss 0.1624, regress loss 0.0032, 0.0032, 0.0029, 0.0125

Epoch 399 (lr 0.01000)
Train: loss 0.1885, classify loss 0.1674, regress loss 0.0032, 0.0031, 0.0027, 0.0121

Epoch 400 (lr 0.01000)
Train: loss 0.1779, classify loss 0.1557, regress loss 0.0031, 0.0029, 0.0034, 0.0128

Epoch 401 (lr 0.01000)
Train: loss 0.1951, classify loss 0.1746, regress loss 0.0030, 0.0030, 0.0029, 0.0115

Epoch 402 (lr 0.01000)
Train: loss 0.1852, classify loss 0.1644, regress loss 0.0031, 0.0030, 0.0030, 0.0118

Epoch 403 (lr 0.01000)
Train: loss 0.1788, classify loss 0.1567, regress loss 0.0030, 0.0033, 0.0029, 0.0128

Epoch 404 (lr 0.01000)
Train: loss 0.1854, classify loss 0.1644, regress loss 0.0032, 0.0033, 0.0029, 0.0116

Epoch 405 (lr 0.01000)
Train: loss 0.1976, classify loss 0.1763, regress loss 0.0032, 0.0030, 0.0028, 0.0124

Epoch 406 (lr 0.01000)
Train: loss 0.1921, classify loss 0.1708, regress loss 0.0032, 0.0028, 0.0029, 0.0123

Epoch 407 (lr 0.01000)
Train: loss 0.2022, classify loss 0.1817, regress loss 0.0029, 0.0031, 0.0029, 0.0116

Epoch 408 (lr 0.01000)
Train: loss 0.1878, classify loss 0.1677, regress loss 0.0029, 0.0029, 0.0028, 0.0115

Epoch 409 (lr 0.01000)
Train: loss 0.1856, classify loss 0.1651, regress loss 0.0030, 0.0031, 0.0027, 0.0116

Epoch 410 (lr 0.01000)
Train: loss 0.1860, classify loss 0.1656, regress loss 0.0028, 0.0030, 0.0030, 0.0116

Epoch 411 (lr 0.01000)
Train: loss 0.1931, classify loss 0.1720, regress loss 0.0031, 0.0030, 0.0032, 0.0118

Epoch 412 (lr 0.01000)
Train: loss 0.1960, classify loss 0.1746, regress loss 0.0033, 0.0032, 0.0029, 0.0120

Epoch 413 (lr 0.01000)
Train: loss 0.1862, classify loss 0.1650, regress loss 0.0030, 0.0031, 0.0029, 0.0121

Epoch 414 (lr 0.01000)
Train: loss 0.1852, classify loss 0.1640, regress loss 0.0030, 0.0032, 0.0029, 0.0121

Epoch 415 (lr 0.01000)
Train: loss 0.1779, classify loss 0.1573, regress loss 0.0029, 0.0030, 0.0030, 0.0118

Epoch 416 (lr 0.01000)
Train: loss 0.2013, classify loss 0.1803, regress loss 0.0030, 0.0030, 0.0029, 0.0121

Epoch 417 (lr 0.01000)
Train: loss 0.1791, classify loss 0.1584, regress loss 0.0030, 0.0031, 0.0031, 0.0115

Epoch 418 (lr 0.01000)
Train: loss 0.1812, classify loss 0.1607, regress loss 0.0031, 0.0028, 0.0030, 0.0116

Epoch 419 (lr 0.01000)
Train: loss 0.1854, classify loss 0.1637, regress loss 0.0030, 0.0032, 0.0028, 0.0128

Epoch 420 (lr 0.01000)
Train: loss 0.1733, classify loss 0.1527, regress loss 0.0031, 0.0030, 0.0028, 0.0116

Epoch 421 (lr 0.01000)
Train: loss 0.1908, classify loss 0.1703, regress loss 0.0031, 0.0032, 0.0028, 0.0114

Epoch 422 (lr 0.01000)
Train: loss 0.1748, classify loss 0.1536, regress loss 0.0032, 0.0031, 0.0029, 0.0121

Epoch 423 (lr 0.01000)
Train: loss 0.1819, classify loss 0.1607, regress loss 0.0029, 0.0031, 0.0030, 0.0121

Epoch 424 (lr 0.01000)
Train: loss 0.1896, classify loss 0.1681, regress loss 0.0029, 0.0033, 0.0029, 0.0124

Epoch 425 (lr 0.01000)
Train: loss 0.1886, classify loss 0.1677, regress loss 0.0029, 0.0032, 0.0030, 0.0118

Epoch 426 (lr 0.01000)
Train: loss 0.1763, classify loss 0.1562, regress loss 0.0030, 0.0032, 0.0026, 0.0113

Epoch 427 (lr 0.01000)
Train: loss 0.1870, classify loss 0.1653, regress loss 0.0030, 0.0033, 0.0032, 0.0123

Epoch 428 (lr 0.01000)
Train: loss 0.1873, classify loss 0.1651, regress loss 0.0030, 0.0029, 0.0032, 0.0131

Epoch 429 (lr 0.01000)
Train: loss 0.1792, classify loss 0.1579, regress loss 0.0032, 0.0031, 0.0027, 0.0124

Epoch 430 (lr 0.01000)
Train: loss 0.1905, classify loss 0.1689, regress loss 0.0030, 0.0032, 0.0028, 0.0127

Epoch 431 (lr 0.01000)
Train: loss 0.1831, classify loss 0.1618, regress loss 0.0033, 0.0033, 0.0028, 0.0119

Epoch 432 (lr 0.01000)
Train: loss 0.1899, classify loss 0.1688, regress loss 0.0031, 0.0032, 0.0028, 0.0120

Epoch 433 (lr 0.01000)
Train: loss 0.1820, classify loss 0.1610, regress loss 0.0029, 0.0031, 0.0028, 0.0121

Epoch 434 (lr 0.01000)
Train: loss 0.1851, classify loss 0.1638, regress loss 0.0031, 0.0030, 0.0032, 0.0119

Epoch 435 (lr 0.01000)
Train: loss 0.1880, classify loss 0.1672, regress loss 0.0032, 0.0029, 0.0028, 0.0119

Epoch 436 (lr 0.01000)
Train: loss 0.1958, classify loss 0.1743, regress loss 0.0030, 0.0031, 0.0031, 0.0123

Epoch 437 (lr 0.01000)
Train: loss 0.1870, classify loss 0.1652, regress loss 0.0033, 0.0029, 0.0027, 0.0130

Epoch 438 (lr 0.01000)
Train: loss 0.1975, classify loss 0.1759, regress loss 0.0032, 0.0030, 0.0028, 0.0127

Epoch 439 (lr 0.01000)
Train: loss 0.1745, classify loss 0.1546, regress loss 0.0032, 0.0030, 0.0029, 0.0108

Epoch 440 (lr 0.01000)
Train: loss 0.1775, classify loss 0.1574, regress loss 0.0029, 0.0027, 0.0028, 0.0118

Epoch 441 (lr 0.01000)
Train: loss 0.1915, classify loss 0.1701, regress loss 0.0032, 0.0030, 0.0028, 0.0123

Epoch 442 (lr 0.01000)
Train: loss 0.1690, classify loss 0.1475, regress loss 0.0031, 0.0033, 0.0031, 0.0120

Epoch 443 (lr 0.01000)
Train: loss 0.1830, classify loss 0.1625, regress loss 0.0029, 0.0028, 0.0028, 0.0119

Epoch 444 (lr 0.01000)
Train: loss 0.1892, classify loss 0.1677, regress loss 0.0029, 0.0033, 0.0031, 0.0123

Epoch 445 (lr 0.01000)
Train: loss 0.1692, classify loss 0.1486, regress loss 0.0029, 0.0028, 0.0028, 0.0122

Epoch 446 (lr 0.01000)
Train: loss 0.1773, classify loss 0.1560, regress loss 0.0031, 0.0028, 0.0031, 0.0122

Epoch 447 (lr 0.01000)
Train: loss 0.1857, classify loss 0.1657, regress loss 0.0029, 0.0028, 0.0028, 0.0116

Epoch 448 (lr 0.01000)
Train: loss 0.1892, classify loss 0.1685, regress loss 0.0028, 0.0031, 0.0027, 0.0121

Epoch 449 (lr 0.01000)
Train: loss 0.1764, classify loss 0.1556, regress loss 0.0028, 0.0031, 0.0029, 0.0120

Epoch 450 (lr 0.01000)
Train: loss 0.1893, classify loss 0.1682, regress loss 0.0027, 0.0031, 0.0029, 0.0124

Epoch 451 (lr 0.01000)
Train: loss 0.1757, classify loss 0.1556, regress loss 0.0029, 0.0029, 0.0027, 0.0116

Epoch 452 (lr 0.01000)
Train: loss 0.1756, classify loss 0.1542, regress loss 0.0030, 0.0030, 0.0027, 0.0128

Epoch 453 (lr 0.01000)
Train: loss 0.1887, classify loss 0.1681, regress loss 0.0030, 0.0031, 0.0028, 0.0117

Epoch 454 (lr 0.01000)
Train: loss 0.1731, classify loss 0.1522, regress loss 0.0029, 0.0030, 0.0028, 0.0121

Epoch 455 (lr 0.01000)
Train: loss 0.1878, classify loss 0.1674, regress loss 0.0029, 0.0028, 0.0027, 0.0119

Epoch 456 (lr 0.01000)
Train: loss 0.1729, classify loss 0.1530, regress loss 0.0031, 0.0029, 0.0030, 0.0109

Epoch 457 (lr 0.01000)
Train: loss 0.1821, classify loss 0.1618, regress loss 0.0028, 0.0031, 0.0030, 0.0113

Epoch 458 (lr 0.01000)
Train: loss 0.1664, classify loss 0.1468, regress loss 0.0028, 0.0030, 0.0029, 0.0109

Epoch 459 (lr 0.01000)
Train: loss 0.1730, classify loss 0.1523, regress loss 0.0030, 0.0030, 0.0028, 0.0120

Epoch 460 (lr 0.01000)
Train: loss 0.1787, classify loss 0.1583, regress loss 0.0028, 0.0030, 0.0029, 0.0116

Epoch 461 (lr 0.01000)
Train: loss 0.1923, classify loss 0.1713, regress loss 0.0031, 0.0028, 0.0029, 0.0122

Epoch 462 (lr 0.01000)
Train: loss 0.1720, classify loss 0.1516, regress loss 0.0029, 0.0030, 0.0027, 0.0117

Epoch 463 (lr 0.01000)
Train: loss 0.1649, classify loss 0.1454, regress loss 0.0032, 0.0030, 0.0030, 0.0103

Epoch 464 (lr 0.01000)
Train: loss 0.1628, classify loss 0.1430, regress loss 0.0030, 0.0028, 0.0027, 0.0113

Epoch 465 (lr 0.01000)
Train: loss 0.1832, classify loss 0.1633, regress loss 0.0030, 0.0027, 0.0029, 0.0112

Epoch 466 (lr 0.01000)
Train: loss 0.1984, classify loss 0.1770, regress loss 0.0031, 0.0030, 0.0032, 0.0121

Epoch 467 (lr 0.01000)
Train: loss 0.1828, classify loss 0.1620, regress loss 0.0028, 0.0026, 0.0030, 0.0122

Epoch 468 (lr 0.01000)
Train: loss 0.1696, classify loss 0.1497, regress loss 0.0029, 0.0031, 0.0030, 0.0109

Epoch 469 (lr 0.01000)
Train: loss 0.1786, classify loss 0.1596, regress loss 0.0030, 0.0027, 0.0026, 0.0106

Epoch 470 (lr 0.01000)
Train: loss 0.1610, classify loss 0.1405, regress loss 0.0030, 0.0031, 0.0027, 0.0117

Epoch 471 (lr 0.01000)
Train: loss 0.1846, classify loss 0.1630, regress loss 0.0032, 0.0030, 0.0028, 0.0126

Epoch 472 (lr 0.01000)
Train: loss 0.1553, classify loss 0.1347, regress loss 0.0027, 0.0029, 0.0028, 0.0121

Epoch 473 (lr 0.01000)
Train: loss 0.1906, classify loss 0.1699, regress loss 0.0032, 0.0029, 0.0029, 0.0117

Epoch 474 (lr 0.01000)
Train: loss 0.1723, classify loss 0.1508, regress loss 0.0029, 0.0030, 0.0026, 0.0129

Epoch 475 (lr 0.01000)
Train: loss 0.1787, classify loss 0.1586, regress loss 0.0032, 0.0029, 0.0030, 0.0111

Epoch 476 (lr 0.01000)
Train: loss 0.1770, classify loss 0.1572, regress loss 0.0029, 0.0029, 0.0028, 0.0113

Epoch 477 (lr 0.01000)
Train: loss 0.1790, classify loss 0.1601, regress loss 0.0028, 0.0030, 0.0028, 0.0104

Epoch 478 (lr 0.01000)
Train: loss 0.1771, classify loss 0.1581, regress loss 0.0029, 0.0027, 0.0026, 0.0108

Epoch 479 (lr 0.01000)
Train: loss 0.1651, classify loss 0.1453, regress loss 0.0030, 0.0031, 0.0026, 0.0111

Epoch 480 (lr 0.01000)
Train: loss 0.1616, classify loss 0.1414, regress loss 0.0028, 0.0029, 0.0027, 0.0118

Epoch 481 (lr 0.01000)
Train: loss 0.1666, classify loss 0.1466, regress loss 0.0029, 0.0029, 0.0029, 0.0112

Epoch 482 (lr 0.01000)
Train: loss 0.1805, classify loss 0.1598, regress loss 0.0028, 0.0029, 0.0030, 0.0120

Epoch 483 (lr 0.01000)
Train: loss 0.1619, classify loss 0.1411, regress loss 0.0029, 0.0029, 0.0030, 0.0119

Epoch 484 (lr 0.01000)
Train: loss 0.1676, classify loss 0.1478, regress loss 0.0029, 0.0027, 0.0029, 0.0113

Epoch 485 (lr 0.01000)
Train: loss 0.1863, classify loss 0.1665, regress loss 0.0029, 0.0028, 0.0029, 0.0111

Epoch 486 (lr 0.01000)
Train: loss 0.1759, classify loss 0.1561, regress loss 0.0030, 0.0027, 0.0028, 0.0114

Epoch 487 (lr 0.01000)
Train: loss 0.1826, classify loss 0.1605, regress loss 0.0029, 0.0034, 0.0029, 0.0130

Epoch 488 (lr 0.01000)
Train: loss 0.1988, classify loss 0.1784, regress loss 0.0030, 0.0031, 0.0028, 0.0115

Epoch 489 (lr 0.01000)
Train: loss 0.1898, classify loss 0.1705, regress loss 0.0029, 0.0025, 0.0030, 0.0109

Epoch 490 (lr 0.01000)
Train: loss 0.1803, classify loss 0.1600, regress loss 0.0027, 0.0029, 0.0027, 0.0120

Epoch 491 (lr 0.01000)
Train: loss 0.1838, classify loss 0.1634, regress loss 0.0031, 0.0029, 0.0027, 0.0117

Epoch 492 (lr 0.01000)
Train: loss 0.1709, classify loss 0.1510, regress loss 0.0030, 0.0029, 0.0027, 0.0113

Epoch 493 (lr 0.01000)
Train: loss 0.1826, classify loss 0.1612, regress loss 0.0029, 0.0030, 0.0029, 0.0126

Epoch 494 (lr 0.01000)
Train: loss 0.1615, classify loss 0.1423, regress loss 0.0026, 0.0030, 0.0029, 0.0107

Epoch 495 (lr 0.01000)
Train: loss 0.1799, classify loss 0.1595, regress loss 0.0027, 0.0031, 0.0030, 0.0115

Epoch 496 (lr 0.01000)
Train: loss 0.1802, classify loss 0.1602, regress loss 0.0028, 0.0029, 0.0028, 0.0115

Epoch 497 (lr 0.01000)
Train: loss 0.1792, classify loss 0.1588, regress loss 0.0029, 0.0030, 0.0030, 0.0115

Epoch 498 (lr 0.01000)
Train: loss 0.1711, classify loss 0.1502, regress loss 0.0030, 0.0028, 0.0028, 0.0122

Epoch 499 (lr 0.01000)
Train: loss 0.1668, classify loss 0.1467, regress loss 0.0028, 0.0028, 0.0029, 0.0116

Epoch 500 (lr 0.01000)
Train: loss 0.1709, classify loss 0.1514, regress loss 0.0026, 0.0029, 0.0029, 0.0112

Epoch 501 (lr 0.01000)
Train: loss 0.1666, classify loss 0.1465, regress loss 0.0029, 0.0030, 0.0029, 0.0113

Epoch 502 (lr 0.01000)
Train: loss 0.1863, classify loss 0.1658, regress loss 0.0028, 0.0029, 0.0027, 0.0121

Epoch 503 (lr 0.01000)
Train: loss 0.1704, classify loss 0.1508, regress loss 0.0028, 0.0028, 0.0029, 0.0111

Epoch 504 (lr 0.01000)
Train: loss 0.1679, classify loss 0.1474, regress loss 0.0026, 0.0029, 0.0028, 0.0121

Epoch 505 (lr 0.01000)
Train: loss 0.1805, classify loss 0.1613, regress loss 0.0029, 0.0027, 0.0028, 0.0107

Epoch 506 (lr 0.01000)
Train: loss 0.1715, classify loss 0.1509, regress loss 0.0030, 0.0029, 0.0027, 0.0119

Epoch 507 (lr 0.01000)
Train: loss 0.1677, classify loss 0.1483, regress loss 0.0027, 0.0029, 0.0027, 0.0111

Epoch 508 (lr 0.01000)
Train: loss 0.1631, classify loss 0.1428, regress loss 0.0026, 0.0030, 0.0028, 0.0119

Epoch 509 (lr 0.01000)
Train: loss 0.1623, classify loss 0.1431, regress loss 0.0027, 0.0032, 0.0025, 0.0107

Epoch 510 (lr 0.01000)
Train: loss 0.1608, classify loss 0.1418, regress loss 0.0027, 0.0027, 0.0027, 0.0110

Epoch 511 (lr 0.01000)
Train: loss 0.1704, classify loss 0.1509, regress loss 0.0030, 0.0028, 0.0028, 0.0109

Epoch 512 (lr 0.01000)
Train: loss 0.1831, classify loss 0.1632, regress loss 0.0028, 0.0028, 0.0029, 0.0114

Epoch 513 (lr 0.01000)
Train: loss 0.2173, classify loss 0.1962, regress loss 0.0028, 0.0030, 0.0032, 0.0121

Epoch 514 (lr 0.01000)
Train: loss 0.1827, classify loss 0.1622, regress loss 0.0029, 0.0028, 0.0025, 0.0123

Epoch 515 (lr 0.01000)
Train: loss 0.1621, classify loss 0.1423, regress loss 0.0028, 0.0030, 0.0028, 0.0112

Epoch 516 (lr 0.01000)
Train: loss 0.1642, classify loss 0.1450, regress loss 0.0028, 0.0030, 0.0028, 0.0106

Epoch 517 (lr 0.01000)
Train: loss 0.1855, classify loss 0.1656, regress loss 0.0028, 0.0030, 0.0029, 0.0112

Epoch 518 (lr 0.01000)
Train: loss 0.1642, classify loss 0.1438, regress loss 0.0028, 0.0030, 0.0027, 0.0119

Epoch 519 (lr 0.01000)
Train: loss 0.1678, classify loss 0.1478, regress loss 0.0030, 0.0029, 0.0027, 0.0115

Epoch 520 (lr 0.01000)
Train: loss 0.1687, classify loss 0.1497, regress loss 0.0030, 0.0031, 0.0028, 0.0102

Epoch 521 (lr 0.01000)
Train: loss 0.1963, classify loss 0.1748, regress loss 0.0029, 0.0028, 0.0028, 0.0131

Epoch 522 (lr 0.01000)
Train: loss 0.1627, classify loss 0.1428, regress loss 0.0032, 0.0030, 0.0030, 0.0107

Epoch 523 (lr 0.01000)
Train: loss 0.1537, classify loss 0.1336, regress loss 0.0028, 0.0029, 0.0027, 0.0116

Epoch 524 (lr 0.01000)
Train: loss 0.1503, classify loss 0.1309, regress loss 0.0027, 0.0028, 0.0027, 0.0113

Epoch 525 (lr 0.01000)
Train: loss 0.1719, classify loss 0.1528, regress loss 0.0028, 0.0028, 0.0028, 0.0107

Epoch 526 (lr 0.01000)
Train: loss 0.1586, classify loss 0.1395, regress loss 0.0030, 0.0028, 0.0027, 0.0107

Epoch 527 (lr 0.01000)
Train: loss 0.1662, classify loss 0.1467, regress loss 0.0031, 0.0028, 0.0029, 0.0107

Epoch 528 (lr 0.01000)
Train: loss 0.1723, classify loss 0.1524, regress loss 0.0031, 0.0027, 0.0026, 0.0115

Epoch 529 (lr 0.01000)
Train: loss 0.1688, classify loss 0.1489, regress loss 0.0030, 0.0030, 0.0027, 0.0112

Epoch 530 (lr 0.01000)
Train: loss 0.1719, classify loss 0.1529, regress loss 0.0030, 0.0025, 0.0027, 0.0108

Epoch 531 (lr 0.01000)
Train: loss 0.2086, classify loss 0.1864, regress loss 0.0030, 0.0031, 0.0028, 0.0133

Epoch 532 (lr 0.01000)
Train: loss 0.1807, classify loss 0.1598, regress loss 0.0030, 0.0032, 0.0029, 0.0118

Epoch 533 (lr 0.01000)
Train: loss 0.1673, classify loss 0.1481, regress loss 0.0029, 0.0030, 0.0028, 0.0106

Epoch 534 (lr 0.01000)
Train: loss 0.1684, classify loss 0.1490, regress loss 0.0030, 0.0028, 0.0031, 0.0105

Epoch 535 (lr 0.01000)
Train: loss 0.1661, classify loss 0.1468, regress loss 0.0031, 0.0028, 0.0028, 0.0106

Epoch 536 (lr 0.01000)
Train: loss 0.1708, classify loss 0.1508, regress loss 0.0031, 0.0029, 0.0028, 0.0113

Epoch 537 (lr 0.01000)
Train: loss 0.1586, classify loss 0.1381, regress loss 0.0030, 0.0032, 0.0030, 0.0113

Epoch 538 (lr 0.01000)
Train: loss 0.1634, classify loss 0.1443, regress loss 0.0028, 0.0030, 0.0026, 0.0107

Epoch 539 (lr 0.01000)
Train: loss 0.1770, classify loss 0.1575, regress loss 0.0028, 0.0029, 0.0025, 0.0113

Epoch 540 (lr 0.01000)
Train: loss 0.1562, classify loss 0.1364, regress loss 0.0030, 0.0031, 0.0029, 0.0109

Epoch 541 (lr 0.01000)
Train: loss 0.1667, classify loss 0.1470, regress loss 0.0029, 0.0029, 0.0026, 0.0112

Epoch 542 (lr 0.01000)
Train: loss 0.1533, classify loss 0.1328, regress loss 0.0029, 0.0028, 0.0027, 0.0121

Epoch 543 (lr 0.01000)
Train: loss 0.1790, classify loss 0.1589, regress loss 0.0029, 0.0030, 0.0029, 0.0113

Epoch 544 (lr 0.01000)
Train: loss 0.1649, classify loss 0.1465, regress loss 0.0028, 0.0027, 0.0026, 0.0102

Epoch 545 (lr 0.01000)
Train: loss 0.1705, classify loss 0.1500, regress loss 0.0029, 0.0027, 0.0028, 0.0121

Epoch 546 (lr 0.01000)
Train: loss 0.1807, classify loss 0.1612, regress loss 0.0029, 0.0030, 0.0026, 0.0110

Epoch 547 (lr 0.01000)
Train: loss 0.1742, classify loss 0.1538, regress loss 0.0029, 0.0033, 0.0028, 0.0115

Epoch 548 (lr 0.01000)
Train: loss 0.1974, classify loss 0.1761, regress loss 0.0028, 0.0029, 0.0031, 0.0125

Epoch 549 (lr 0.01000)
Train: loss 0.1727, classify loss 0.1533, regress loss 0.0027, 0.0031, 0.0026, 0.0109

Epoch 550 (lr 0.01000)
Train: loss 0.1762, classify loss 0.1565, regress loss 0.0029, 0.0033, 0.0025, 0.0110

Epoch 551 (lr 0.01000)
Train: loss 0.1680, classify loss 0.1480, regress loss 0.0031, 0.0028, 0.0028, 0.0112

Epoch 552 (lr 0.01000)
Train: loss 0.1870, classify loss 0.1669, regress loss 0.0028, 0.0032, 0.0029, 0.0112

Epoch 553 (lr 0.01000)
Train: loss 0.1829, classify loss 0.1630, regress loss 0.0030, 0.0028, 0.0025, 0.0115

Epoch 554 (lr 0.01000)
Train: loss 0.1780, classify loss 0.1577, regress loss 0.0028, 0.0029, 0.0030, 0.0116

Epoch 555 (lr 0.01000)
Train: loss 0.1721, classify loss 0.1523, regress loss 0.0028, 0.0030, 0.0029, 0.0111

Epoch 556 (lr 0.01000)
Train: loss 0.1517, classify loss 0.1319, regress loss 0.0030, 0.0032, 0.0028, 0.0108

Epoch 557 (lr 0.01000)
Train: loss 0.1612, classify loss 0.1409, regress loss 0.0029, 0.0027, 0.0027, 0.0120

Epoch 558 (lr 0.01000)
Train: loss 0.1584, classify loss 0.1396, regress loss 0.0029, 0.0027, 0.0027, 0.0105

Epoch 559 (lr 0.01000)
Train: loss 0.1722, classify loss 0.1524, regress loss 0.0030, 0.0026, 0.0028, 0.0114

Epoch 560 (lr 0.01000)
Train: loss 0.1773, classify loss 0.1572, regress loss 0.0029, 0.0029, 0.0029, 0.0115

Epoch 561 (lr 0.01000)
Train: loss 0.1616, classify loss 0.1418, regress loss 0.0029, 0.0031, 0.0029, 0.0109

Epoch 562 (lr 0.01000)
Train: loss 0.1567, classify loss 0.1368, regress loss 0.0031, 0.0028, 0.0027, 0.0113

Epoch 563 (lr 0.01000)
Train: loss 0.1773, classify loss 0.1576, regress loss 0.0031, 0.0030, 0.0028, 0.0109

Epoch 564 (lr 0.01000)
Train: loss 0.1658, classify loss 0.1458, regress loss 0.0030, 0.0032, 0.0026, 0.0113

Epoch 565 (lr 0.01000)
Train: loss 0.1674, classify loss 0.1489, regress loss 0.0027, 0.0027, 0.0027, 0.0103

Epoch 566 (lr 0.01000)
Train: loss 0.1591, classify loss 0.1398, regress loss 0.0028, 0.0031, 0.0027, 0.0108

Epoch 567 (lr 0.01000)
Train: loss 0.1656, classify loss 0.1455, regress loss 0.0030, 0.0030, 0.0029, 0.0111

Epoch 568 (lr 0.01000)
Train: loss 0.1545, classify loss 0.1355, regress loss 0.0029, 0.0029, 0.0027, 0.0105

Epoch 569 (lr 0.01000)
Train: loss 0.1650, classify loss 0.1454, regress loss 0.0027, 0.0031, 0.0024, 0.0113

Epoch 570 (lr 0.01000)
Train: loss 0.1743, classify loss 0.1549, regress loss 0.0028, 0.0028, 0.0029, 0.0108

Epoch 571 (lr 0.01000)
Train: loss 0.1599, classify loss 0.1417, regress loss 0.0027, 0.0028, 0.0026, 0.0101

Epoch 572 (lr 0.01000)
Train: loss 0.1656, classify loss 0.1470, regress loss 0.0027, 0.0030, 0.0024, 0.0104

Epoch 573 (lr 0.01000)
Train: loss 0.1482, classify loss 0.1284, regress loss 0.0030, 0.0030, 0.0031, 0.0108

Epoch 574 (lr 0.01000)
Train: loss 0.1602, classify loss 0.1406, regress loss 0.0027, 0.0029, 0.0030, 0.0110

Epoch 575 (lr 0.01000)
Train: loss 0.1765, classify loss 0.1572, regress loss 0.0027, 0.0027, 0.0029, 0.0109

Epoch 576 (lr 0.01000)
Train: loss 0.1597, classify loss 0.1403, regress loss 0.0027, 0.0029, 0.0029, 0.0108

Epoch 577 (lr 0.01000)
Train: loss 0.1674, classify loss 0.1483, regress loss 0.0029, 0.0027, 0.0027, 0.0108

Epoch 578 (lr 0.01000)
Train: loss 0.1498, classify loss 0.1300, regress loss 0.0027, 0.0031, 0.0027, 0.0113

Epoch 579 (lr 0.01000)
Train: loss 0.1500, classify loss 0.1317, regress loss 0.0028, 0.0028, 0.0028, 0.0099

Epoch 580 (lr 0.01000)
Train: loss 0.1545, classify loss 0.1350, regress loss 0.0028, 0.0029, 0.0027, 0.0111

Epoch 581 (lr 0.01000)
Train: loss 0.1625, classify loss 0.1432, regress loss 0.0031, 0.0028, 0.0030, 0.0105

Epoch 582 (lr 0.01000)
Train: loss 0.1540, classify loss 0.1351, regress loss 0.0026, 0.0029, 0.0026, 0.0107

Epoch 583 (lr 0.01000)
Train: loss 0.1850, classify loss 0.1644, regress loss 0.0029, 0.0028, 0.0028, 0.0121

Epoch 584 (lr 0.01000)
Train: loss 0.1477, classify loss 0.1300, regress loss 0.0025, 0.0026, 0.0026, 0.0099

Epoch 585 (lr 0.01000)
Train: loss 0.1491, classify loss 0.1299, regress loss 0.0028, 0.0028, 0.0025, 0.0112

Epoch 586 (lr 0.01000)
Train: loss 0.1515, classify loss 0.1335, regress loss 0.0028, 0.0026, 0.0026, 0.0099

Epoch 587 (lr 0.01000)
Train: loss 0.1689, classify loss 0.1485, regress loss 0.0029, 0.0028, 0.0028, 0.0119

Epoch 588 (lr 0.01000)
Train: loss 0.1547, classify loss 0.1353, regress loss 0.0028, 0.0028, 0.0025, 0.0112

Epoch 589 (lr 0.01000)
Train: loss 0.1627, classify loss 0.1430, regress loss 0.0027, 0.0028, 0.0028, 0.0115

Epoch 590 (lr 0.01000)
Train: loss 0.1660, classify loss 0.1459, regress loss 0.0030, 0.0030, 0.0029, 0.0112

Epoch 591 (lr 0.01000)
Train: loss 0.1516, classify loss 0.1318, regress loss 0.0027, 0.0028, 0.0030, 0.0113

Epoch 592 (lr 0.01000)
Train: loss 0.1511, classify loss 0.1318, regress loss 0.0029, 0.0030, 0.0025, 0.0110

Epoch 593 (lr 0.01000)
Train: loss 0.1692, classify loss 0.1502, regress loss 0.0031, 0.0029, 0.0028, 0.0102

Epoch 594 (lr 0.01000)
Train: loss 0.1675, classify loss 0.1486, regress loss 0.0027, 0.0030, 0.0026, 0.0106

Epoch 595 (lr 0.01000)
Train: loss 0.1566, classify loss 0.1378, regress loss 0.0027, 0.0027, 0.0028, 0.0106

Epoch 596 (lr 0.01000)
Train: loss 0.1601, classify loss 0.1412, regress loss 0.0026, 0.0029, 0.0028, 0.0105

Epoch 597 (lr 0.01000)
Train: loss 0.1721, classify loss 0.1520, regress loss 0.0029, 0.0028, 0.0028, 0.0116

Epoch 598 (lr 0.01000)
Train: loss 0.1766, classify loss 0.1565, regress loss 0.0027, 0.0030, 0.0025, 0.0119

Epoch 599 (lr 0.01000)
Train: loss 0.1878, classify loss 0.1674, regress loss 0.0028, 0.0031, 0.0029, 0.0117

Epoch 600 (lr 0.01000)
Train: loss 0.1572, classify loss 0.1376, regress loss 0.0027, 0.0029, 0.0028, 0.0112

Epoch 601 (lr 0.01000)
Train: loss 0.1540, classify loss 0.1342, regress loss 0.0029, 0.0028, 0.0026, 0.0115

Epoch 602 (lr 0.01000)
Train: loss 0.1774, classify loss 0.1584, regress loss 0.0028, 0.0030, 0.0027, 0.0106

Epoch 603 (lr 0.01000)
Train: loss 0.1790, classify loss 0.1595, regress loss 0.0028, 0.0030, 0.0026, 0.0112

Epoch 604 (lr 0.01000)
Train: loss 0.1688, classify loss 0.1492, regress loss 0.0027, 0.0031, 0.0031, 0.0108

Epoch 605 (lr 0.01000)
Train: loss 0.1632, classify loss 0.1446, regress loss 0.0027, 0.0029, 0.0023, 0.0107

Epoch 606 (lr 0.01000)
Train: loss 0.1581, classify loss 0.1393, regress loss 0.0026, 0.0029, 0.0028, 0.0104

Epoch 607 (lr 0.01000)
Train: loss 0.1554, classify loss 0.1365, regress loss 0.0025, 0.0026, 0.0028, 0.0110

Epoch 608 (lr 0.01000)
Train: loss 0.1641, classify loss 0.1452, regress loss 0.0026, 0.0029, 0.0026, 0.0107

Epoch 609 (lr 0.01000)
Train: loss 0.1649, classify loss 0.1450, regress loss 0.0026, 0.0028, 0.0027, 0.0117

Epoch 610 (lr 0.01000)
Train: loss 0.1647, classify loss 0.1456, regress loss 0.0028, 0.0031, 0.0024, 0.0107

Epoch 611 (lr 0.01000)
Train: loss 0.1519, classify loss 0.1342, regress loss 0.0028, 0.0026, 0.0026, 0.0097

Epoch 612 (lr 0.01000)
Train: loss 0.1791, classify loss 0.1539, regress loss 0.0031, 0.0033, 0.0029, 0.0160

Epoch 613 (lr 0.01000)
Train: loss 0.1572, classify loss 0.1383, regress loss 0.0028, 0.0030, 0.0027, 0.0104

Epoch 614 (lr 0.01000)
Train: loss 0.1593, classify loss 0.1388, regress loss 0.0029, 0.0030, 0.0028, 0.0118

Epoch 615 (lr 0.01000)
Train: loss 0.1709, classify loss 0.1505, regress loss 0.0028, 0.0027, 0.0029, 0.0120

Epoch 616 (lr 0.01000)
Train: loss 0.1813, classify loss 0.1613, regress loss 0.0028, 0.0027, 0.0029, 0.0116

Epoch 617 (lr 0.01000)
Train: loss 0.1682, classify loss 0.1486, regress loss 0.0026, 0.0029, 0.0026, 0.0115

Epoch 618 (lr 0.01000)
Train: loss 0.1715, classify loss 0.1512, regress loss 0.0029, 0.0030, 0.0030, 0.0113

Epoch 619 (lr 0.01000)
Train: loss 0.1641, classify loss 0.1450, regress loss 0.0029, 0.0030, 0.0028, 0.0104

Epoch 620 (lr 0.01000)
Train: loss 0.1595, classify loss 0.1408, regress loss 0.0030, 0.0029, 0.0026, 0.0102

Epoch 621 (lr 0.01000)
Train: loss 0.1719, classify loss 0.1526, regress loss 0.0028, 0.0031, 0.0029, 0.0106

Epoch 622 (lr 0.01000)
Train: loss 0.1616, classify loss 0.1438, regress loss 0.0028, 0.0027, 0.0025, 0.0099

Epoch 623 (lr 0.01000)
Train: loss 0.1521, classify loss 0.1340, regress loss 0.0028, 0.0028, 0.0028, 0.0096

Epoch 624 (lr 0.01000)
Train: loss 0.1667, classify loss 0.1476, regress loss 0.0028, 0.0031, 0.0026, 0.0105

Epoch 625 (lr 0.01000)
Train: loss 0.1698, classify loss 0.1516, regress loss 0.0027, 0.0027, 0.0027, 0.0102

Epoch 626 (lr 0.01000)
Train: loss 0.1650, classify loss 0.1456, regress loss 0.0031, 0.0029, 0.0027, 0.0107

Epoch 627 (lr 0.01000)
Train: loss 0.1425, classify loss 0.1246, regress loss 0.0028, 0.0027, 0.0029, 0.0094

Epoch 628 (lr 0.01000)
Train: loss 0.1723, classify loss 0.1531, regress loss 0.0029, 0.0030, 0.0026, 0.0107

Epoch 629 (lr 0.01000)
Train: loss 0.1586, classify loss 0.1401, regress loss 0.0027, 0.0026, 0.0028, 0.0103

Epoch 630 (lr 0.01000)
Train: loss 0.1639, classify loss 0.1454, regress loss 0.0027, 0.0030, 0.0025, 0.0102

Epoch 631 (lr 0.01000)
Train: loss 0.1580, classify loss 0.1380, regress loss 0.0027, 0.0029, 0.0029, 0.0115

Epoch 632 (lr 0.01000)
Train: loss 0.1480, classify loss 0.1299, regress loss 0.0027, 0.0029, 0.0025, 0.0100

Epoch 633 (lr 0.01000)
Train: loss 0.1532, classify loss 0.1349, regress loss 0.0029, 0.0027, 0.0026, 0.0102

Epoch 634 (lr 0.01000)
Train: loss 0.1537, classify loss 0.1349, regress loss 0.0029, 0.0028, 0.0028, 0.0103

Epoch 635 (lr 0.01000)
Train: loss 0.1689, classify loss 0.1502, regress loss 0.0029, 0.0027, 0.0026, 0.0105

Epoch 636 (lr 0.01000)
Train: loss 0.1871, classify loss 0.1667, regress loss 0.0027, 0.0031, 0.0027, 0.0120

Epoch 637 (lr 0.01000)
Train: loss 0.1635, classify loss 0.1434, regress loss 0.0029, 0.0029, 0.0028, 0.0114

Epoch 638 (lr 0.01000)
Train: loss 0.1543, classify loss 0.1361, regress loss 0.0027, 0.0029, 0.0026, 0.0099

Epoch 639 (lr 0.01000)
Train: loss 0.1581, classify loss 0.1404, regress loss 0.0028, 0.0026, 0.0026, 0.0097

Epoch 640 (lr 0.01000)
Train: loss 0.1701, classify loss 0.1511, regress loss 0.0029, 0.0025, 0.0027, 0.0108

Epoch 641 (lr 0.01000)
Train: loss 0.1659, classify loss 0.1472, regress loss 0.0030, 0.0030, 0.0027, 0.0101

Epoch 642 (lr 0.01000)
Train: loss 0.1646, classify loss 0.1459, regress loss 0.0025, 0.0026, 0.0029, 0.0107

Epoch 643 (lr 0.01000)
Train: loss 0.1756, classify loss 0.1547, regress loss 0.0028, 0.0028, 0.0027, 0.0126

Epoch 644 (lr 0.01000)
Train: loss 0.2365, classify loss 0.2150, regress loss 0.0029, 0.0028, 0.0029, 0.0128

Epoch 645 (lr 0.01000)
Train: loss 0.1743, classify loss 0.1546, regress loss 0.0027, 0.0027, 0.0025, 0.0118

Epoch 646 (lr 0.01000)
Train: loss 0.1513, classify loss 0.1331, regress loss 0.0027, 0.0028, 0.0026, 0.0101

Epoch 647 (lr 0.01000)
Train: loss 0.1705, classify loss 0.1518, regress loss 0.0027, 0.0025, 0.0027, 0.0108

Epoch 648 (lr 0.01000)
Train: loss 0.1510, classify loss 0.1330, regress loss 0.0024, 0.0027, 0.0027, 0.0102

Epoch 649 (lr 0.01000)
Train: loss 0.1511, classify loss 0.1327, regress loss 0.0026, 0.0026, 0.0026, 0.0105

Epoch 650 (lr 0.01000)
Train: loss 0.1626, classify loss 0.1430, regress loss 0.0028, 0.0030, 0.0030, 0.0107

Epoch 651 (lr 0.01000)
Train: loss 0.1697, classify loss 0.1501, regress loss 0.0027, 0.0031, 0.0028, 0.0111

Epoch 652 (lr 0.01000)
Train: loss 0.1774, classify loss 0.1591, regress loss 0.0026, 0.0029, 0.0028, 0.0100

Epoch 653 (lr 0.01000)
Train: loss 0.1560, classify loss 0.1374, regress loss 0.0028, 0.0026, 0.0025, 0.0107

Epoch 654 (lr 0.01000)
Train: loss 0.1748, classify loss 0.1565, regress loss 0.0027, 0.0027, 0.0028, 0.0101

Epoch 655 (lr 0.01000)
Train: loss 0.1509, classify loss 0.1325, regress loss 0.0026, 0.0028, 0.0025, 0.0104

Epoch 656 (lr 0.01000)
Train: loss 0.1624, classify loss 0.1440, regress loss 0.0025, 0.0024, 0.0026, 0.0110

Epoch 657 (lr 0.01000)
Train: loss 0.1421, classify loss 0.1235, regress loss 0.0027, 0.0027, 0.0026, 0.0105

Epoch 658 (lr 0.01000)
Train: loss 0.1620, classify loss 0.1425, regress loss 0.0027, 0.0028, 0.0028, 0.0113

Epoch 659 (lr 0.01000)
Train: loss 0.1636, classify loss 0.1432, regress loss 0.0028, 0.0030, 0.0030, 0.0117

Epoch 660 (lr 0.01000)
Train: loss 0.1541, classify loss 0.1342, regress loss 0.0030, 0.0030, 0.0027, 0.0112

Epoch 661 (lr 0.01000)
Train: loss 0.1656, classify loss 0.1458, regress loss 0.0029, 0.0029, 0.0028, 0.0111

Epoch 662 (lr 0.01000)
Train: loss 0.1660, classify loss 0.1468, regress loss 0.0028, 0.0028, 0.0027, 0.0109

Epoch 663 (lr 0.01000)
Train: loss 0.1610, classify loss 0.1421, regress loss 0.0026, 0.0027, 0.0025, 0.0109

Epoch 664 (lr 0.01000)
Train: loss 0.1768, classify loss 0.1573, regress loss 0.0025, 0.0030, 0.0029, 0.0112

Epoch 665 (lr 0.01000)
Train: loss 0.1524, classify loss 0.1337, regress loss 0.0029, 0.0027, 0.0024, 0.0107

Epoch 666 (lr 0.01000)
Train: loss 0.1456, classify loss 0.1272, regress loss 0.0028, 0.0029, 0.0025, 0.0102

Epoch 667 (lr 0.01000)
Train: loss 0.1793, classify loss 0.1605, regress loss 0.0028, 0.0026, 0.0025, 0.0108

Epoch 668 (lr 0.01000)
Train: loss 0.1597, classify loss 0.1413, regress loss 0.0026, 0.0029, 0.0025, 0.0104

Epoch 669 (lr 0.01000)
Train: loss 0.1516, classify loss 0.1319, regress loss 0.0027, 0.0029, 0.0027, 0.0115

Epoch 670 (lr 0.01000)
Train: loss 0.1575, classify loss 0.1395, regress loss 0.0027, 0.0029, 0.0024, 0.0100

Epoch 671 (lr 0.01000)
Train: loss 0.1566, classify loss 0.1374, regress loss 0.0025, 0.0027, 0.0026, 0.0113

Epoch 672 (lr 0.01000)
Train: loss 0.1615, classify loss 0.1434, regress loss 0.0027, 0.0028, 0.0027, 0.0099

Epoch 673 (lr 0.01000)
Train: loss 0.1511, classify loss 0.1330, regress loss 0.0027, 0.0028, 0.0024, 0.0103

Epoch 674 (lr 0.01000)
Train: loss 0.1648, classify loss 0.1460, regress loss 0.0026, 0.0029, 0.0026, 0.0106

Epoch 675 (lr 0.01000)
Train: loss 0.1772, classify loss 0.1587, regress loss 0.0027, 0.0028, 0.0026, 0.0105

Epoch 676 (lr 0.01000)
Train: loss 0.1603, classify loss 0.1414, regress loss 0.0027, 0.0028, 0.0027, 0.0107

Epoch 677 (lr 0.01000)
Train: loss 0.1609, classify loss 0.1417, regress loss 0.0027, 0.0030, 0.0028, 0.0107

Epoch 678 (lr 0.01000)
Train: loss 0.1564, classify loss 0.1377, regress loss 0.0026, 0.0027, 0.0027, 0.0108

Epoch 679 (lr 0.01000)
Train: loss 0.1503, classify loss 0.1318, regress loss 0.0026, 0.0027, 0.0026, 0.0106

Epoch 680 (lr 0.01000)
Train: loss 0.1609, classify loss 0.1432, regress loss 0.0028, 0.0027, 0.0027, 0.0095

Epoch 681 (lr 0.01000)
Train: loss 0.1612, classify loss 0.1434, regress loss 0.0028, 0.0027, 0.0030, 0.0093

Epoch 682 (lr 0.01000)
Train: loss 0.1581, classify loss 0.1396, regress loss 0.0027, 0.0026, 0.0026, 0.0105

Epoch 683 (lr 0.01000)
Train: loss 0.1550, classify loss 0.1379, regress loss 0.0026, 0.0029, 0.0026, 0.0090

Epoch 684 (lr 0.01000)
Train: loss 0.1574, classify loss 0.1397, regress loss 0.0027, 0.0027, 0.0027, 0.0096

Epoch 685 (lr 0.01000)
Train: loss 0.1613, classify loss 0.1431, regress loss 0.0027, 0.0030, 0.0027, 0.0098

Epoch 686 (lr 0.01000)
Train: loss 0.1547, classify loss 0.1359, regress loss 0.0028, 0.0031, 0.0029, 0.0099

Epoch 687 (lr 0.01000)
Train: loss 0.1718, classify loss 0.1517, regress loss 0.0028, 0.0031, 0.0026, 0.0116

Epoch 688 (lr 0.01000)
Train: loss 0.1515, classify loss 0.1324, regress loss 0.0027, 0.0029, 0.0028, 0.0107

Epoch 689 (lr 0.01000)
Train: loss 0.1564, classify loss 0.1380, regress loss 0.0026, 0.0029, 0.0026, 0.0103

Epoch 690 (lr 0.01000)
Train: loss 0.1395, classify loss 0.1219, regress loss 0.0027, 0.0026, 0.0025, 0.0097

Epoch 691 (lr 0.01000)
Train: loss 0.1545, classify loss 0.1363, regress loss 0.0027, 0.0029, 0.0024, 0.0103

Epoch 692 (lr 0.01000)
Train: loss 0.1743, classify loss 0.1546, regress loss 0.0029, 0.0027, 0.0026, 0.0115

Epoch 693 (lr 0.01000)
Train: loss 0.1502, classify loss 0.1321, regress loss 0.0025, 0.0028, 0.0026, 0.0102

Epoch 694 (lr 0.01000)
Train: loss 0.1555, classify loss 0.1371, regress loss 0.0027, 0.0026, 0.0026, 0.0104

Epoch 695 (lr 0.01000)
Train: loss 0.1469, classify loss 0.1286, regress loss 0.0028, 0.0027, 0.0025, 0.0104

Epoch 696 (lr 0.01000)
Train: loss 0.1689, classify loss 0.1499, regress loss 0.0026, 0.0030, 0.0024, 0.0109

Epoch 697 (lr 0.01000)
Train: loss 0.1554, classify loss 0.1377, regress loss 0.0025, 0.0029, 0.0028, 0.0095

Epoch 698 (lr 0.01000)
Train: loss 0.1473, classify loss 0.1291, regress loss 0.0029, 0.0029, 0.0025, 0.0098

Epoch 699 (lr 0.01000)
Train: loss 0.1587, classify loss 0.1413, regress loss 0.0028, 0.0028, 0.0026, 0.0092

Epoch 700 (lr 0.01000)
Train: loss 0.1740, classify loss 0.1548, regress loss 0.0029, 0.0028, 0.0030, 0.0106

Epoch 701 (lr 0.01000)
Train: loss 0.1507, classify loss 0.1325, regress loss 0.0025, 0.0028, 0.0027, 0.0101

Epoch 702 (lr 0.01000)
Train: loss 0.1556, classify loss 0.1365, regress loss 0.0027, 0.0031, 0.0028, 0.0105

Epoch 703 (lr 0.01000)
Train: loss 0.1494, classify loss 0.1301, regress loss 0.0029, 0.0031, 0.0031, 0.0102

Epoch 704 (lr 0.01000)
Train: loss 0.1481, classify loss 0.1288, regress loss 0.0028, 0.0027, 0.0028, 0.0110

Epoch 705 (lr 0.01000)
Train: loss 0.1457, classify loss 0.1278, regress loss 0.0027, 0.0027, 0.0027, 0.0098

Epoch 706 (lr 0.01000)
Train: loss 0.1424, classify loss 0.1249, regress loss 0.0026, 0.0028, 0.0026, 0.0096

Epoch 707 (lr 0.01000)
Train: loss 0.1522, classify loss 0.1341, regress loss 0.0026, 0.0030, 0.0025, 0.0101

Epoch 708 (lr 0.01000)
Train: loss 0.1404, classify loss 0.1227, regress loss 0.0027, 0.0027, 0.0026, 0.0098

Epoch 709 (lr 0.01000)
Train: loss 0.1553, classify loss 0.1369, regress loss 0.0027, 0.0028, 0.0026, 0.0102

Epoch 710 (lr 0.01000)
Train: loss 0.1545, classify loss 0.1359, regress loss 0.0028, 0.0027, 0.0026, 0.0105

Epoch 711 (lr 0.01000)
Train: loss 0.1536, classify loss 0.1344, regress loss 0.0030, 0.0029, 0.0027, 0.0106

Epoch 712 (lr 0.01000)
Train: loss 0.1588, classify loss 0.1406, regress loss 0.0025, 0.0027, 0.0026, 0.0103

Epoch 713 (lr 0.01000)
Train: loss 0.2055, classify loss 0.1832, regress loss 0.0028, 0.0030, 0.0027, 0.0139

Epoch 714 (lr 0.01000)
Train: loss 0.1613, classify loss 0.1407, regress loss 0.0024, 0.0027, 0.0027, 0.0129

Epoch 715 (lr 0.01000)
Train: loss 0.1676, classify loss 0.1496, regress loss 0.0025, 0.0025, 0.0027, 0.0101

Epoch 716 (lr 0.01000)
Train: loss 0.1502, classify loss 0.1325, regress loss 0.0025, 0.0028, 0.0025, 0.0099

Epoch 717 (lr 0.01000)
Train: loss 0.1614, classify loss 0.1423, regress loss 0.0026, 0.0028, 0.0026, 0.0110

Epoch 718 (lr 0.01000)
Train: loss 0.1575, classify loss 0.1394, regress loss 0.0025, 0.0027, 0.0027, 0.0103

Epoch 719 (lr 0.01000)
Train: loss 0.1696, classify loss 0.1505, regress loss 0.0025, 0.0030, 0.0028, 0.0108

Epoch 720 (lr 0.01000)
Train: loss 0.1453, classify loss 0.1263, regress loss 0.0027, 0.0026, 0.0025, 0.0112

Epoch 721 (lr 0.01000)
Train: loss 0.1481, classify loss 0.1307, regress loss 0.0028, 0.0027, 0.0024, 0.0096

Epoch 722 (lr 0.01000)
Train: loss 0.1546, classify loss 0.1372, regress loss 0.0028, 0.0028, 0.0027, 0.0092

Epoch 723 (lr 0.01000)
Train: loss 0.1635, classify loss 0.1446, regress loss 0.0024, 0.0026, 0.0029, 0.0109

Epoch 724 (lr 0.01000)
Train: loss 0.1840, classify loss 0.1639, regress loss 0.0027, 0.0029, 0.0028, 0.0117

Epoch 725 (lr 0.01000)
Train: loss 0.1590, classify loss 0.1394, regress loss 0.0029, 0.0027, 0.0026, 0.0115

Epoch 726 (lr 0.01000)
Train: loss 0.1652, classify loss 0.1460, regress loss 0.0027, 0.0027, 0.0027, 0.0112

Epoch 727 (lr 0.01000)
Train: loss 0.1598, classify loss 0.1415, regress loss 0.0027, 0.0029, 0.0026, 0.0100

Epoch 728 (lr 0.01000)
Train: loss 0.1509, classify loss 0.1322, regress loss 0.0030, 0.0026, 0.0026, 0.0106

Epoch 729 (lr 0.01000)
Train: loss 0.1555, classify loss 0.1376, regress loss 0.0027, 0.0028, 0.0026, 0.0098

Epoch 730 (lr 0.01000)
Train: loss 0.1471, classify loss 0.1280, regress loss 0.0028, 0.0029, 0.0026, 0.0108

Epoch 731 (lr 0.01000)
Train: loss 0.1585, classify loss 0.1406, regress loss 0.0028, 0.0027, 0.0027, 0.0098

Epoch 732 (lr 0.01000)
Train: loss 0.1603, classify loss 0.1423, regress loss 0.0027, 0.0025, 0.0026, 0.0103

Epoch 733 (lr 0.01000)
Train: loss 0.1556, classify loss 0.1368, regress loss 0.0028, 0.0027, 0.0028, 0.0106

Epoch 734 (lr 0.01000)
Train: loss 0.1667, classify loss 0.1480, regress loss 0.0029, 0.0028, 0.0027, 0.0103

Epoch 735 (lr 0.01000)
Train: loss 0.1556, classify loss 0.1372, regress loss 0.0031, 0.0030, 0.0025, 0.0098

Epoch 736 (lr 0.01000)
Train: loss 0.1688, classify loss 0.1496, regress loss 0.0027, 0.0027, 0.0027, 0.0110

Epoch 737 (lr 0.01000)
Train: loss 0.1607, classify loss 0.1421, regress loss 0.0027, 0.0029, 0.0027, 0.0104

Epoch 738 (lr 0.01000)
Train: loss 0.1483, classify loss 0.1300, regress loss 0.0025, 0.0028, 0.0025, 0.0105

Epoch 739 (lr 0.01000)
Train: loss 0.1532, classify loss 0.1345, regress loss 0.0029, 0.0028, 0.0028, 0.0102

Epoch 740 (lr 0.01000)
Train: loss 0.1576, classify loss 0.1386, regress loss 0.0030, 0.0026, 0.0027, 0.0106

Epoch 741 (lr 0.01000)
Train: loss 0.1524, classify loss 0.1349, regress loss 0.0026, 0.0027, 0.0027, 0.0095

Epoch 742 (lr 0.01000)
Train: loss 0.1433, classify loss 0.1259, regress loss 0.0026, 0.0028, 0.0024, 0.0097

Epoch 743 (lr 0.01000)
Train: loss 0.1438, classify loss 0.1258, regress loss 0.0027, 0.0030, 0.0026, 0.0096

Epoch 744 (lr 0.01000)
Train: loss 0.1544, classify loss 0.1355, regress loss 0.0029, 0.0027, 0.0024, 0.0109

Epoch 745 (lr 0.01000)
Train: loss 0.1574, classify loss 0.1397, regress loss 0.0026, 0.0029, 0.0026, 0.0096

Epoch 746 (lr 0.01000)
Train: loss 0.1633, classify loss 0.1446, regress loss 0.0026, 0.0028, 0.0028, 0.0105

Epoch 747 (lr 0.01000)
Train: loss 0.1591, classify loss 0.1413, regress loss 0.0028, 0.0028, 0.0026, 0.0096

Epoch 748 (lr 0.01000)
Train: loss 0.1753, classify loss 0.1567, regress loss 0.0026, 0.0030, 0.0029, 0.0100

Epoch 749 (lr 0.01000)
Train: loss 0.1484, classify loss 0.1295, regress loss 0.0026, 0.0029, 0.0026, 0.0107

Epoch 750 (lr 0.01000)
Train: loss 0.1521, classify loss 0.1348, regress loss 0.0025, 0.0024, 0.0026, 0.0097

Epoch 751 (lr 0.01000)
Train: loss 0.1549, classify loss 0.1376, regress loss 0.0028, 0.0028, 0.0027, 0.0090

Epoch 752 (lr 0.01000)
Train: loss 0.1470, classify loss 0.1284, regress loss 0.0029, 0.0029, 0.0026, 0.0101

Epoch 753 (lr 0.01000)
Train: loss 0.1577, classify loss 0.1402, regress loss 0.0028, 0.0029, 0.0025, 0.0092

Epoch 754 (lr 0.01000)
Train: loss 0.1581, classify loss 0.1386, regress loss 0.0028, 0.0026, 0.0027, 0.0114

Epoch 755 (lr 0.01000)
Train: loss 0.1667, classify loss 0.1484, regress loss 0.0026, 0.0029, 0.0028, 0.0100

Epoch 756 (lr 0.01000)
Train: loss 0.1511, classify loss 0.1334, regress loss 0.0028, 0.0027, 0.0025, 0.0097

Epoch 757 (lr 0.01000)
Train: loss 0.1569, classify loss 0.1393, regress loss 0.0028, 0.0028, 0.0028, 0.0093

Epoch 758 (lr 0.01000)
Train: loss 0.1527, classify loss 0.1349, regress loss 0.0028, 0.0030, 0.0025, 0.0095

Epoch 759 (lr 0.01000)
Train: loss 0.1552, classify loss 0.1377, regress loss 0.0026, 0.0027, 0.0025, 0.0096

Epoch 760 (lr 0.01000)
Train: loss 0.1613, classify loss 0.1436, regress loss 0.0029, 0.0025, 0.0022, 0.0101

Epoch 761 (lr 0.01000)
Train: loss 0.1459, classify loss 0.1293, regress loss 0.0028, 0.0030, 0.0026, 0.0082

Epoch 762 (lr 0.01000)
Train: loss 0.1486, classify loss 0.1315, regress loss 0.0026, 0.0026, 0.0026, 0.0094

Epoch 763 (lr 0.01000)
Train: loss 0.1645, classify loss 0.1456, regress loss 0.0026, 0.0027, 0.0025, 0.0112

Epoch 764 (lr 0.01000)
Train: loss 0.1410, classify loss 0.1237, regress loss 0.0026, 0.0027, 0.0026, 0.0095

Epoch 765 (lr 0.01000)
Train: loss 0.1617, classify loss 0.1439, regress loss 0.0025, 0.0029, 0.0027, 0.0097

Epoch 766 (lr 0.01000)
Train: loss 0.1588, classify loss 0.1414, regress loss 0.0026, 0.0028, 0.0024, 0.0097

Epoch 767 (lr 0.01000)
Train: loss 0.1431, classify loss 0.1257, regress loss 0.0024, 0.0028, 0.0025, 0.0098

Epoch 768 (lr 0.01000)
Train: loss 0.1444, classify loss 0.1264, regress loss 0.0030, 0.0026, 0.0026, 0.0098

Epoch 769 (lr 0.01000)
Train: loss 0.1352, classify loss 0.1175, regress loss 0.0028, 0.0026, 0.0028, 0.0095

Epoch 770 (lr 0.01000)
Train: loss 0.1619, classify loss 0.1441, regress loss 0.0026, 0.0026, 0.0026, 0.0100

Epoch 771 (lr 0.01000)
Train: loss 0.1547, classify loss 0.1358, regress loss 0.0025, 0.0030, 0.0026, 0.0107

Epoch 772 (lr 0.01000)
Train: loss 0.1781, classify loss 0.1598, regress loss 0.0026, 0.0026, 0.0026, 0.0105

Epoch 773 (lr 0.01000)
Train: loss 0.1500, classify loss 0.1324, regress loss 0.0027, 0.0027, 0.0024, 0.0097

Epoch 774 (lr 0.01000)
Train: loss 0.1582, classify loss 0.1405, regress loss 0.0027, 0.0026, 0.0026, 0.0098

Epoch 775 (lr 0.01000)
Train: loss 0.1526, classify loss 0.1346, regress loss 0.0024, 0.0026, 0.0025, 0.0105

Epoch 776 (lr 0.01000)
Train: loss 0.1482, classify loss 0.1305, regress loss 0.0026, 0.0025, 0.0025, 0.0102

Epoch 777 (lr 0.01000)
Train: loss 0.1422, classify loss 0.1239, regress loss 0.0028, 0.0029, 0.0026, 0.0100

Epoch 778 (lr 0.01000)
Train: loss 0.1501, classify loss 0.1322, regress loss 0.0027, 0.0025, 0.0025, 0.0102

Epoch 779 (lr 0.01000)
Train: loss 0.1426, classify loss 0.1245, regress loss 0.0027, 0.0026, 0.0025, 0.0102

Epoch 780 (lr 0.01000)
Train: loss 0.1590, classify loss 0.1405, regress loss 0.0029, 0.0030, 0.0027, 0.0100

Epoch 781 (lr 0.01000)
Train: loss 0.1517, classify loss 0.1342, regress loss 0.0025, 0.0026, 0.0025, 0.0099

Epoch 782 (lr 0.01000)
Train: loss 0.1645, classify loss 0.1461, regress loss 0.0027, 0.0027, 0.0026, 0.0105

Epoch 783 (lr 0.01000)
Train: loss 0.1490, classify loss 0.1309, regress loss 0.0029, 0.0026, 0.0025, 0.0101

Epoch 784 (lr 0.01000)
Train: loss 0.1586, classify loss 0.1405, regress loss 0.0028, 0.0028, 0.0025, 0.0100

Epoch 785 (lr 0.01000)
Train: loss 0.1405, classify loss 0.1228, regress loss 0.0026, 0.0026, 0.0024, 0.0100

Epoch 786 (lr 0.01000)
Train: loss 0.1682, classify loss 0.1485, regress loss 0.0030, 0.0029, 0.0030, 0.0110

Epoch 787 (lr 0.01000)
Train: loss 0.1649, classify loss 0.1451, regress loss 0.0028, 0.0026, 0.0027, 0.0116

Epoch 788 (lr 0.01000)
Train: loss 0.1549, classify loss 0.1374, regress loss 0.0026, 0.0028, 0.0025, 0.0094

Epoch 789 (lr 0.01000)
Train: loss 0.1462, classify loss 0.1271, regress loss 0.0029, 0.0027, 0.0030, 0.0104

Epoch 790 (lr 0.01000)
Train: loss 0.1451, classify loss 0.1273, regress loss 0.0026, 0.0026, 0.0025, 0.0101

Epoch 791 (lr 0.01000)
Train: loss 0.1498, classify loss 0.1326, regress loss 0.0025, 0.0027, 0.0025, 0.0096

Epoch 792 (lr 0.01000)
Train: loss 0.1503, classify loss 0.1331, regress loss 0.0026, 0.0026, 0.0025, 0.0096

Epoch 793 (lr 0.01000)
Train: loss 0.1562, classify loss 0.1384, regress loss 0.0025, 0.0027, 0.0026, 0.0100

Epoch 794 (lr 0.01000)
Train: loss 0.1580, classify loss 0.1407, regress loss 0.0024, 0.0028, 0.0024, 0.0096

Epoch 795 (lr 0.01000)
Train: loss 0.1473, classify loss 0.1304, regress loss 0.0026, 0.0029, 0.0026, 0.0090

Epoch 796 (lr 0.01000)
Train: loss 0.1360, classify loss 0.1193, regress loss 0.0025, 0.0028, 0.0026, 0.0089

Epoch 797 (lr 0.01000)
Train: loss 0.1486, classify loss 0.1314, regress loss 0.0027, 0.0029, 0.0028, 0.0088

Epoch 798 (lr 0.01000)
Train: loss 0.1607, classify loss 0.1426, regress loss 0.0030, 0.0026, 0.0028, 0.0097

Epoch 799 (lr 0.01000)
Train: loss 0.1544, classify loss 0.1362, regress loss 0.0028, 0.0028, 0.0026, 0.0100

Epoch 800 (lr 0.01000)
Train: loss 0.1456, classify loss 0.1278, regress loss 0.0026, 0.0029, 0.0025, 0.0098

Epoch 801 (lr 0.01000)
Train: loss 0.1414, classify loss 0.1239, regress loss 0.0025, 0.0030, 0.0026, 0.0095

Epoch 802 (lr 0.01000)
Train: loss 0.1424, classify loss 0.1247, regress loss 0.0025, 0.0027, 0.0024, 0.0102

Epoch 803 (lr 0.01000)
Train: loss 0.1556, classify loss 0.1372, regress loss 0.0028, 0.0029, 0.0027, 0.0100

Epoch 804 (lr 0.01000)
Train: loss 0.1552, classify loss 0.1369, regress loss 0.0026, 0.0032, 0.0025, 0.0100

Epoch 805 (lr 0.01000)
Train: loss 0.1422, classify loss 0.1246, regress loss 0.0026, 0.0028, 0.0024, 0.0099

Epoch 806 (lr 0.01000)
Train: loss 0.1445, classify loss 0.1273, regress loss 0.0024, 0.0026, 0.0025, 0.0098

Epoch 807 (lr 0.01000)
Train: loss 0.1584, classify loss 0.1408, regress loss 0.0025, 0.0026, 0.0025, 0.0100

Epoch 808 (lr 0.01000)
Train: loss 0.1521, classify loss 0.1352, regress loss 0.0025, 0.0028, 0.0026, 0.0090

Epoch 809 (lr 0.01000)
Train: loss 0.1570, classify loss 0.1394, regress loss 0.0027, 0.0029, 0.0025, 0.0095

Epoch 810 (lr 0.01000)
Train: loss 0.1488, classify loss 0.1315, regress loss 0.0025, 0.0026, 0.0028, 0.0095

Epoch 811 (lr 0.01000)
Train: loss 0.1475, classify loss 0.1293, regress loss 0.0025, 0.0026, 0.0025, 0.0104

Epoch 812 (lr 0.01000)
Train: loss 0.1467, classify loss 0.1290, regress loss 0.0025, 0.0026, 0.0027, 0.0099

Epoch 813 (lr 0.01000)
Train: loss 0.1507, classify loss 0.1333, regress loss 0.0026, 0.0026, 0.0029, 0.0093

Epoch 814 (lr 0.01000)
Train: loss 0.1424, classify loss 0.1252, regress loss 0.0025, 0.0026, 0.0025, 0.0098

Epoch 815 (lr 0.01000)
Train: loss 0.1600, classify loss 0.1411, regress loss 0.0025, 0.0028, 0.0025, 0.0111

Epoch 816 (lr 0.01000)
Train: loss 0.1444, classify loss 0.1278, regress loss 0.0026, 0.0026, 0.0024, 0.0091

Epoch 817 (lr 0.01000)
Train: loss 0.1552, classify loss 0.1377, regress loss 0.0026, 0.0025, 0.0023, 0.0101

Epoch 818 (lr 0.01000)
Train: loss 0.1682, classify loss 0.1503, regress loss 0.0026, 0.0028, 0.0027, 0.0099

Epoch 819 (lr 0.01000)
Train: loss 0.1535, classify loss 0.1357, regress loss 0.0027, 0.0028, 0.0026, 0.0098

Epoch 820 (lr 0.01000)
Train: loss 0.1456, classify loss 0.1285, regress loss 0.0025, 0.0025, 0.0029, 0.0092

Epoch 821 (lr 0.01000)
Train: loss 0.1595, classify loss 0.1416, regress loss 0.0026, 0.0028, 0.0023, 0.0101

Epoch 822 (lr 0.01000)
Train: loss 0.1488, classify loss 0.1311, regress loss 0.0026, 0.0026, 0.0026, 0.0100

Epoch 823 (lr 0.01000)
Train: loss 0.1426, classify loss 0.1249, regress loss 0.0026, 0.0029, 0.0027, 0.0096

Epoch 824 (lr 0.01000)
Train: loss 0.1427, classify loss 0.1249, regress loss 0.0026, 0.0028, 0.0024, 0.0100

Epoch 825 (lr 0.01000)
Train: loss 0.1433, classify loss 0.1240, regress loss 0.0025, 0.0025, 0.0026, 0.0116

Epoch 826 (lr 0.01000)
Train: loss 0.1443, classify loss 0.1259, regress loss 0.0027, 0.0028, 0.0027, 0.0103

Epoch 827 (lr 0.01000)
Train: loss 0.1428, classify loss 0.1259, regress loss 0.0026, 0.0025, 0.0026, 0.0093

Epoch 828 (lr 0.01000)
Train: loss 0.1388, classify loss 0.1215, regress loss 0.0026, 0.0025, 0.0024, 0.0098

Epoch 829 (lr 0.01000)
Train: loss 0.1526, classify loss 0.1354, regress loss 0.0025, 0.0025, 0.0024, 0.0098

Epoch 830 (lr 0.01000)
Train: loss 0.1540, classify loss 0.1366, regress loss 0.0026, 0.0025, 0.0024, 0.0099

Epoch 831 (lr 0.01000)
Train: loss 0.1518, classify loss 0.1347, regress loss 0.0025, 0.0026, 0.0023, 0.0097

Epoch 832 (lr 0.01000)
Train: loss 0.1448, classify loss 0.1269, regress loss 0.0025, 0.0027, 0.0024, 0.0103

Epoch 833 (lr 0.01000)
Train: loss 0.1565, classify loss 0.1381, regress loss 0.0027, 0.0025, 0.0026, 0.0106

Epoch 834 (lr 0.01000)
Train: loss 0.1517, classify loss 0.1339, regress loss 0.0026, 0.0025, 0.0027, 0.0100

Epoch 835 (lr 0.01000)
Train: loss 0.1673, classify loss 0.1499, regress loss 0.0026, 0.0029, 0.0024, 0.0095

Epoch 836 (lr 0.01000)
Train: loss 0.1528, classify loss 0.1348, regress loss 0.0025, 0.0027, 0.0026, 0.0101

Epoch 837 (lr 0.01000)
Train: loss 0.1481, classify loss 0.1308, regress loss 0.0025, 0.0026, 0.0024, 0.0098

Epoch 838 (lr 0.01000)
Train: loss 0.1476, classify loss 0.1301, regress loss 0.0026, 0.0027, 0.0023, 0.0100

Epoch 839 (lr 0.01000)
Train: loss 0.1443, classify loss 0.1273, regress loss 0.0028, 0.0027, 0.0024, 0.0090

Epoch 840 (lr 0.01000)
Train: loss 0.1479, classify loss 0.1304, regress loss 0.0027, 0.0026, 0.0025, 0.0096

slurmstepd: error: *** JOB 181573 ON gpu-node008 CANCELLED AT 2020-01-29T12:28:00 ***
